Using pre-set license
Built from '2022.3/staging' branch; Version is '2022.3.6f1 (b9e6e7e9fa2d) revision 12183271'; Using compiler version '192829333'; Build Type 'Release'
OS: 'Windows 11  (10.0.22631) 64bit Core' Language: 'en' Physical Memory: 32670 MB
BatchMode: 1, IsHumanControllingUs: 0, StartBugReporterOnCrash: 0, Is64bit: 1, IsPro: 1

COMMAND LINE ARGUMENTS:
C:\Program Files\Unity 2022.3.6f1\Editor\Unity.exe
-adb2
-batchMode
-noUpm
-name
AssetImportWorker0
-projectPath
C:/Users/TheRe/OneDrive - UWE Bristol/ThirdYear/CCTP/DissertationPrototype/Prototype
-logFile
Logs/AssetImportWorker0.log
-srvPort
64829
Successfully changed project path to: C:/Users/TheRe/OneDrive - UWE Bristol/ThirdYear/CCTP/DissertationPrototype/Prototype
C:/Users/TheRe/OneDrive - UWE Bristol/ThirdYear/CCTP/DissertationPrototype/Prototype
[UnityMemory] Configuration Parameters - Can be set up in boot.config
    "memorysetup-bucket-allocator-granularity=16"
    "memorysetup-bucket-allocator-bucket-count=8"
    "memorysetup-bucket-allocator-block-size=33554432"
    "memorysetup-bucket-allocator-block-count=8"
    "memorysetup-main-allocator-block-size=16777216"
    "memorysetup-thread-allocator-block-size=16777216"
    "memorysetup-gfx-main-allocator-block-size=16777216"
    "memorysetup-gfx-thread-allocator-block-size=16777216"
    "memorysetup-cache-allocator-block-size=4194304"
    "memorysetup-typetree-allocator-block-size=2097152"
    "memorysetup-profiler-bucket-allocator-granularity=16"
    "memorysetup-profiler-bucket-allocator-bucket-count=8"
    "memorysetup-profiler-bucket-allocator-block-size=33554432"
    "memorysetup-profiler-bucket-allocator-block-count=8"
    "memorysetup-profiler-allocator-block-size=16777216"
    "memorysetup-profiler-editor-allocator-block-size=1048576"
    "memorysetup-temp-allocator-size-main=16777216"
    "memorysetup-job-temp-allocator-block-size=2097152"
    "memorysetup-job-temp-allocator-block-size-background=1048576"
    "memorysetup-job-temp-allocator-reduction-small-platforms=262144"
    "memorysetup-allocator-temp-initial-block-size-main=262144"
    "memorysetup-allocator-temp-initial-block-size-worker=262144"
    "memorysetup-temp-allocator-size-background-worker=32768"
    "memorysetup-temp-allocator-size-job-worker=262144"
    "memorysetup-temp-allocator-size-preload-manager=33554432"
    "memorysetup-temp-allocator-size-nav-mesh-worker=65536"
    "memorysetup-temp-allocator-size-audio-worker=65536"
    "memorysetup-temp-allocator-size-cloud-worker=32768"
    "memorysetup-temp-allocator-size-gi-baking-worker=262144"
    "memorysetup-temp-allocator-size-gfx=262144"
Player connection [25788] Host "[IP] 192.168.50.236 [Port] 0 [Flags] 2 [Guid] 3677610164 [EditorId] 3677610164 [Version] 1048832 [Id] WindowsEditor(7,DESKTOP-MIO14L9) [Debug] 1 [PackageName] WindowsEditor [ProjectName] Editor" joined multi-casting on [225.0.0.222:54997]...

Player connection [25788] Host "[IP] 192.168.50.236 [Port] 0 [Flags] 2 [Guid] 3677610164 [EditorId] 3677610164 [Version] 1048832 [Id] WindowsEditor(7,DESKTOP-MIO14L9) [Debug] 1 [PackageName] WindowsEditor [ProjectName] Editor" joined alternative multi-casting on [225.0.0.222:34997]...

Refreshing native plugins compatible for Editor in 11.89 ms, found 4 plugins.
Preloading 0 native plugins for Editor in 0.00 ms.
Initialize engine version: 2022.3.6f1 (b9e6e7e9fa2d)
[Subsystems] Discovering subsystems at path C:/Program Files/Unity 2022.3.6f1/Editor/Data/Resources/UnitySubsystems
[Subsystems] Discovering subsystems at path C:/Users/TheRe/OneDrive - UWE Bristol/ThirdYear/CCTP/DissertationPrototype/Prototype/Assets
GfxDevice: creating device client; threaded=0; jobified=0
Direct3D:
    Version:  Direct3D 11.0 [level 11.1]
    Renderer: NVIDIA GeForce RTX 3070 (ID=0x2484)
    Vendor:   NVIDIA
    VRAM:     8018 MB
    Driver:   32.0.15.6614
Initialize mono
Mono path[0] = 'C:/Program Files/Unity 2022.3.6f1/Editor/Data/Managed'
Mono path[1] = 'C:/Program Files/Unity 2022.3.6f1/Editor/Data/MonoBleedingEdge/lib/mono/unityjit-win32'
Mono config path = 'C:/Program Files/Unity 2022.3.6f1/Editor/Data/MonoBleedingEdge/etc'
Using monoOptions --debugger-agent=transport=dt_socket,embedding=1,server=y,suspend=n,address=127.0.0.1:56992
Begin MonoManager ReloadAssembly
Registering precompiled unity dll's ...
Register platform support module: C:/Program Files/Unity 2022.3.6f1/Editor/Data/PlaybackEngines/WindowsStandaloneSupport/UnityEditor.WindowsStandalone.Extensions.dll
Registered in 0.006496 seconds.
- Loaded All Assemblies, in  0.466 seconds
Native extension for WindowsStandalone target not found
Mono: successfully reloaded assembly
- Finished resetting the current domain, in  0.252 seconds
Domain Reload Profiling: 715ms
	BeginReloadAssembly (123ms)
		ExecutionOrderSort (0ms)
		DisableScriptedObjects (0ms)
		BackupInstance (0ms)
		ReleaseScriptingObjects (0ms)
		CreateAndSetChildDomain (1ms)
	RebuildCommonClasses (41ms)
	RebuildNativeTypeToScriptingClass (12ms)
	initialDomainReloadingComplete (59ms)
	LoadAllAssembliesAndSetupDomain (227ms)
		LoadAssemblies (116ms)
		RebuildTransferFunctionScriptingTraits (0ms)
		AnalyzeDomain (219ms)
			TypeCache.Refresh (218ms)
				TypeCache.ScanAssembly (202ms)
			ScanForSourceGeneratedMonoScriptInfo (0ms)
			ResolveRequiredComponents (1ms)
	FinalizeReload (252ms)
		ReleaseScriptCaches (0ms)
		RebuildScriptCaches (0ms)
		SetupLoadedEditorAssemblies (192ms)
			LogAssemblyErrors (0ms)
			InitializePlatformSupportModulesInManaged (8ms)
			SetLoadedEditorAssemblies (8ms)
			RefreshPlugins (0ms)
			BeforeProcessingInitializeOnLoad (2ms)
			ProcessInitializeOnLoadAttributes (130ms)
			ProcessInitializeOnLoadMethodAttributes (43ms)
			AfterProcessingInitializeOnLoad (0ms)
			EditorAssembliesLoaded (0ms)
		ExecutionOrderSort2 (0ms)
		AwakeInstancesAfterBackupRestoration (0ms)
========================================================================
Worker process is ready to serve import requests
Begin MonoManager ReloadAssembly
Symbol file LoadedFromMemory doesn't match image C:\Users\TheRe\OneDrive - UWE Bristol\ThirdYear\CCTP\DissertationPrototype\Prototype\Library\PackageCache\com.unity.visualscripting@1.8.0\Editor\VisualScripting.Core\Dependencies\YamlDotNet\Unity.VisualScripting.YamlDotNet.dll
Symbol file LoadedFromMemory doesn't match image C:\Users\TheRe\OneDrive - UWE Bristol\ThirdYear\CCTP\DissertationPrototype\Prototype\Library\PackageCache\com.unity.visualscripting@1.8.0\Editor\VisualScripting.Core\Dependencies\DotNetZip\Unity.VisualScripting.IonicZip.dll
- Loaded All Assemblies, in  0.814 seconds
Refreshing native plugins compatible for Editor in 4.74 ms, found 4 plugins.
Native extension for WindowsStandalone target not found
Mono: successfully reloaded assembly
- Finished resetting the current domain, in  0.851 seconds
Domain Reload Profiling: 1659ms
	BeginReloadAssembly (116ms)
		ExecutionOrderSort (0ms)
		DisableScriptedObjects (5ms)
		BackupInstance (0ms)
		ReleaseScriptingObjects (0ms)
		CreateAndSetChildDomain (20ms)
	RebuildCommonClasses (30ms)
	RebuildNativeTypeToScriptingClass (10ms)
	initialDomainReloadingComplete (46ms)
	LoadAllAssembliesAndSetupDomain (605ms)
		LoadAssemblies (322ms)
		RebuildTransferFunctionScriptingTraits (0ms)
		AnalyzeDomain (328ms)
			TypeCache.Refresh (300ms)
				TypeCache.ScanAssembly (285ms)
			ScanForSourceGeneratedMonoScriptInfo (19ms)
			ResolveRequiredComponents (8ms)
	FinalizeReload (852ms)
		ReleaseScriptCaches (0ms)
		RebuildScriptCaches (0ms)
		SetupLoadedEditorAssemblies (681ms)
			LogAssemblyErrors (0ms)
			InitializePlatformSupportModulesInManaged (6ms)
			SetLoadedEditorAssemblies (6ms)
			RefreshPlugins (0ms)
			BeforeProcessingInitializeOnLoad (148ms)
			ProcessInitializeOnLoadAttributes (480ms)
			ProcessInitializeOnLoadMethodAttributes (35ms)
			AfterProcessingInitializeOnLoad (7ms)
			EditorAssembliesLoaded (0ms)
		ExecutionOrderSort2 (0ms)
		AwakeInstancesAfterBackupRestoration (6ms)
Launched and connected shader compiler UnityShaderCompiler.exe after 0.05 seconds
Refreshing native plugins compatible for Editor in 5.24 ms, found 4 plugins.
Preloading 0 native plugins for Editor in 0.00 ms.
Unloading 4024 Unused Serialized files (Serialized files now loaded: 0)
Unloading 64 unused Assets / (60.5 KB). Loaded Objects now: 4486.
Memory consumption went from 140.5 MB to 140.5 MB.
Total: 3.409900 ms (FindLiveObjects: 0.338200 ms CreateObjectMapping: 0.104300 ms MarkObjects: 2.837800 ms  DeleteObjects: 0.128700 ms)

AssetImportParameters requested are different than current active one (requested -> active):
  custom:container-demuxer-ogg: 62fdf1f143b41e24485cea50d1cbac27 -> 
  custom:video-decoder-ogg-theora: a1e56fd34408186e4bbccfd4996cb3dc -> 
  custom:framework-win-MediaFoundation: 216162199b28c13a410421893ffa2e32 -> 
  custom:container-demuxer-webm: 4f35f7cbe854078d1ac9338744f61a02 -> 
  custom:container-muxer-webm: aa71ff27fc2769a1b78a27578f13a17b -> 
  custom:video-decoder-webm-vp8: 9c59270c3fd7afecdb556c50c9e8de78 -> 
  custom:AudioImporter_EditorPlatform: d09bf68614088b80899f8185d706f6e7 -> 
  custom:video-encoder-webm-vp8: eb34c28f22e8b96e1ab97ce403110664 -> 
  custom:audio-decoder-ogg-vorbis: bf7c407c2cedff20999df2af8eb42d56 -> 
  custom:audio-encoder-webm-vorbis: bf7c407c2cedff20999df2af8eb42d56 -> 
========================================================================
Received Import Request.
  Time since last request: 23075.461617 seconds.
  path: Assets/Tilemap
  artifactKey: Guid(b3a351efd8eb691418068a7c7cd7dc65) Importer(815301076,1909f56bfc062723c751e8b465ee728b)
Start importing Assets/Tilemap using Guid(b3a351efd8eb691418068a7c7cd7dc65) Importer(815301076,1909f56bfc062723c751e8b465ee728b)  -> (artifact id: '082b7bca923262216501fcf1b5f04e27') in 0.002554 seconds
Number of updated asset objects reloaded before import = 0
Number of asset objects unloaded after import = 0
========================================================================
Received Prepare
Refreshing native plugins compatible for Editor in 5.31 ms, found 4 plugins.
Preloading 0 native plugins for Editor in 0.00 ms.
Unloading 0 Unused Serialized files (Serialized files now loaded: 0)
Unloading 1 unused Assets / (0.8 KB). Loaded Objects now: 4486.
Memory consumption went from 75.6 MB to 75.6 MB.
Total: 3.331900 ms (FindLiveObjects: 0.349200 ms CreateObjectMapping: 0.120400 ms MarkObjects: 2.846200 ms  DeleteObjects: 0.015600 ms)

Prepare: number of updated asset objects reloaded= 0
AssetImportParameters requested are different than current active one (requested -> active):
  custom:container-demuxer-ogg: 62fdf1f143b41e24485cea50d1cbac27 -> 
  custom:video-decoder-ogg-theora: a1e56fd34408186e4bbccfd4996cb3dc -> 
  custom:framework-win-MediaFoundation: 216162199b28c13a410421893ffa2e32 -> 
  custom:CustomObjectIndexerAttribute: 756ad292c208cfabdd7b50bc23989ffe -> 
  custom:container-demuxer-webm: 4f35f7cbe854078d1ac9338744f61a02 -> 
  custom:container-muxer-webm: aa71ff27fc2769a1b78a27578f13a17b -> 
  custom:video-decoder-webm-vp8: 9c59270c3fd7afecdb556c50c9e8de78 -> 
  custom:SearchIndexIgnoredProperties: e643bd26f0fe6173181afceb89e7c659 -> 
  custom:AudioImporter_EditorPlatform: d09bf68614088b80899f8185d706f6e7 -> 
  custom:video-encoder-webm-vp8: eb34c28f22e8b96e1ab97ce403110664 -> 
  custom:audio-decoder-ogg-vorbis: bf7c407c2cedff20999df2af8eb42d56 -> 
  custom:audio-encoder-webm-vorbis: bf7c407c2cedff20999df2af8eb42d56 -> 
========================================================================
Received Import Request.
  Time since last request: 7.920864 seconds.
  path: Assets/Scenes
  artifactKey: Guid(fb280fed071a39748a104cf31638243b) Importer(815301076,1909f56bfc062723c751e8b465ee728b)
Start importing Assets/Scenes using Guid(fb280fed071a39748a104cf31638243b) Importer(815301076,1909f56bfc062723c751e8b465ee728b)  -> (artifact id: 'f3ab052e1fc007fefb7bc012ca304906') in 0.000757 seconds
Number of updated asset objects reloaded before import = 0
Number of asset objects unloaded after import = 0
========================================================================
Received Import Request.
  Time since last request: 0.401430 seconds.
  path: Assets/Scenes/SampleScene.unity
  artifactKey: Guid(2cda990e2423bbf4892e6590ba056729) Importer(815301076,1909f56bfc062723c751e8b465ee728b)
Start importing Assets/Scenes/SampleScene.unity using Guid(2cda990e2423bbf4892e6590ba056729) Importer(815301076,1909f56bfc062723c751e8b465ee728b)  -> (artifact id: 'cc12b558ff13316465d84cd9cdd50865') in 0.000538 seconds
Number of updated asset objects reloaded before import = 0
Number of asset objects unloaded after import = 0
========================================================================
Received Import Request.
  Time since last request: 6.246013 seconds.
  path: Assets/Scenes/TestLevel.unity
  artifactKey: Guid(2cda990e2423bbf4892e6590ba056729) Importer(815301076,1909f56bfc062723c751e8b465ee728b)
Start importing Assets/Scenes/TestLevel.unity using Guid(2cda990e2423bbf4892e6590ba056729) Importer(815301076,1909f56bfc062723c751e8b465ee728b)  -> (artifact id: '006b7bcf87481a7e1c61f07cc20dc1aa') in 0.001185 seconds
Number of updated asset objects reloaded before import = 0
Number of asset objects unloaded after import = 0
========================================================================
Received Import Request.
  Time since last request: 378.168241 seconds.
  path: Assets
  artifactKey: Guid(00000000000000001000000000000000) Importer(815301076,1909f56bfc062723c751e8b465ee728b)
Start importing Assets using Guid(00000000000000001000000000000000) Importer(815301076,1909f56bfc062723c751e8b465ee728b)  -> (artifact id: '8a4fe85251aa2e89732c359432baa2c3') in 0.000416 seconds
Number of updated asset objects reloaded before import = 0
Number of asset objects unloaded after import = 0
========================================================================
Received Import Request.
  Time since last request: 46.560573 seconds.
  path: Assets/Textures/Backgrounds and tilemaps
  artifactKey: Guid(5942fcf9b4ac51c4ab2bd9a9562fea2d) Importer(815301076,1909f56bfc062723c751e8b465ee728b)
Start importing Assets/Textures/Backgrounds and tilemaps using Guid(5942fcf9b4ac51c4ab2bd9a9562fea2d) Importer(815301076,1909f56bfc062723c751e8b465ee728b)  -> (artifact id: 'ea09cecef9c0fe5c9acd11f89c31ff9b') in 0.000436 seconds
Number of updated asset objects reloaded before import = 0
Number of asset objects unloaded after import = 0
========================================================================
Received Import Request.
  Time since last request: 0.029114 seconds.
  path: Assets/Textures/Backgrounds and tilemaps/oak_woods_tileset.png
  artifactKey: Guid(2e4e9cff100ecc84cbeb9218b8170787) Importer(815301076,1909f56bfc062723c751e8b465ee728b)
Start importing Assets/Textures/Backgrounds and tilemaps/oak_woods_tileset.png using Guid(2e4e9cff100ecc84cbeb9218b8170787) Importer(815301076,1909f56bfc062723c751e8b465ee728b)  -> (artifact id: 'ec4124ab31574c5438bbc7eaf7ab3458') in 0.085824 seconds
Number of updated asset objects reloaded before import = 0
Number of asset objects unloaded after import = 3
========================================================================
Received Import Request.
  Time since last request: 156.504829 seconds.
  path: Assets/Textures/Backgrounds and tilemaps/oak_woods_tileset.png
  artifactKey: Guid(2e4e9cff100ecc84cbeb9218b8170787) Importer(815301076,1909f56bfc062723c751e8b465ee728b)
Start importing Assets/Textures/Backgrounds and tilemaps/oak_woods_tileset.png using Guid(2e4e9cff100ecc84cbeb9218b8170787) Importer(815301076,1909f56bfc062723c751e8b465ee728b)  -> (artifact id: 'b03816977d76f597877e90b79203f066') in 0.019738 seconds
Number of updated asset objects reloaded before import = 0
Number of asset objects unloaded after import = 2
========================================================================
Received Import Request.
  Time since last request: 104.095840 seconds.
  path: Assets/Textures/Backgrounds and tilemaps/oak_woods_tileset.png
  artifactKey: Guid(2e4e9cff100ecc84cbeb9218b8170787) Importer(815301076,1909f56bfc062723c751e8b465ee728b)
Start importing Assets/Textures/Backgrounds and tilemaps/oak_woods_tileset.png using Guid(2e4e9cff100ecc84cbeb9218b8170787) Importer(815301076,1909f56bfc062723c751e8b465ee728b)  -> (artifact id: 'e722d9d59bca6a810d4ea587b1a8d50f') in 0.015971 seconds
Number of updated asset objects reloaded before import = 0
Number of asset objects unloaded after import = 2
========================================================================
Received Import Request.
  Time since last request: 15.424613 seconds.
  path: Assets/Textures/Backgrounds and tilemaps/oak_woods_tileset.png
  artifactKey: Guid(2e4e9cff100ecc84cbeb9218b8170787) Importer(815301076,1909f56bfc062723c751e8b465ee728b)
Start importing Assets/Textures/Backgrounds and tilemaps/oak_woods_tileset.png using Guid(2e4e9cff100ecc84cbeb9218b8170787) Importer(815301076,1909f56bfc062723c751e8b465ee728b)  -> (artifact id: 'bd00455295671f3f9158b07f97d08d7c') in 0.017361 seconds
Number of updated asset objects reloaded before import = 0
Number of asset objects unloaded after import = 2
========================================================================
Received Import Request.
  Time since last request: 30.733895 seconds.
  path: Assets/Textures/Backgrounds and tilemaps/oak_woods_tileset.png
  artifactKey: Guid(2e4e9cff100ecc84cbeb9218b8170787) Importer(815301076,1909f56bfc062723c751e8b465ee728b)
Start importing Assets/Textures/Backgrounds and tilemaps/oak_woods_tileset.png using Guid(2e4e9cff100ecc84cbeb9218b8170787) Importer(815301076,1909f56bfc062723c751e8b465ee728b)  -> (artifact id: '160e02b84b07067e679c4965bf49f97a') in 0.358125 seconds
Number of updated asset objects reloaded before import = 0
Number of asset objects unloaded after import = 154
========================================================================
Received Prepare
Begin MonoManager ReloadAssembly
Symbol file LoadedFromMemory doesn't match image C:\Users\TheRe\OneDrive - UWE Bristol\ThirdYear\CCTP\DissertationPrototype\Prototype\Library\PackageCache\com.unity.visualscripting@1.8.0\Editor\VisualScripting.Core\Dependencies\YamlDotNet\Unity.VisualScripting.YamlDotNet.dll
Symbol file LoadedFromMemory doesn't match image C:\Users\TheRe\OneDrive - UWE Bristol\ThirdYear\CCTP\DissertationPrototype\Prototype\Library\PackageCache\com.unity.visualscripting@1.8.0\Editor\VisualScripting.Core\Dependencies\DotNetZip\Unity.VisualScripting.IonicZip.dll
- Loaded All Assemblies, in  0.753 seconds
Refreshing native plugins compatible for Editor in 6.69 ms, found 4 plugins.
Native extension for WindowsStandalone target not found
Mono: successfully reloaded assembly
- Finished resetting the current domain, in  1.472 seconds
Domain Reload Profiling: 2221ms
	BeginReloadAssembly (150ms)
		ExecutionOrderSort (0ms)
		DisableScriptedObjects (11ms)
		BackupInstance (0ms)
		ReleaseScriptingObjects (0ms)
		CreateAndSetChildDomain (42ms)
	RebuildCommonClasses (30ms)
	RebuildNativeTypeToScriptingClass (11ms)
	initialDomainReloadingComplete (33ms)
	LoadAllAssembliesAndSetupDomain (524ms)
		LoadAssemblies (319ms)
		RebuildTransferFunctionScriptingTraits (0ms)
		AnalyzeDomain (261ms)
			TypeCache.Refresh (256ms)
				TypeCache.ScanAssembly (242ms)
			ScanForSourceGeneratedMonoScriptInfo (0ms)
			ResolveRequiredComponents (5ms)
	FinalizeReload (1473ms)
		ReleaseScriptCaches (0ms)
		RebuildScriptCaches (0ms)
		SetupLoadedEditorAssemblies (630ms)
			LogAssemblyErrors (0ms)
			InitializePlatformSupportModulesInManaged (7ms)
			SetLoadedEditorAssemblies (5ms)
			RefreshPlugins (0ms)
			BeforeProcessingInitializeOnLoad (131ms)
			ProcessInitializeOnLoadAttributes (445ms)
			ProcessInitializeOnLoadMethodAttributes (33ms)
			AfterProcessingInitializeOnLoad (9ms)
			EditorAssembliesLoaded (0ms)
		ExecutionOrderSort2 (0ms)
		AwakeInstancesAfterBackupRestoration (16ms)
Refreshing native plugins compatible for Editor in 5.46 ms, found 4 plugins.
Preloading 0 native plugins for Editor in 0.00 ms.
Unloading 4012 Unused Serialized files (Serialized files now loaded: 0)
Unloading 36 unused Assets / (34.8 KB). Loaded Objects now: 4499.
Memory consumption went from 142.0 MB to 142.0 MB.
Total: 3.387500 ms (FindLiveObjects: 0.374600 ms CreateObjectMapping: 0.114500 ms MarkObjects: 2.846900 ms  DeleteObjects: 0.050100 ms)

Prepare: number of updated asset objects reloaded= 0
AssetImportParameters requested are different than current active one (requested -> active):
  custom:container-demuxer-ogg: 62fdf1f143b41e24485cea50d1cbac27 -> 
  custom:video-decoder-ogg-theora: a1e56fd34408186e4bbccfd4996cb3dc -> 
  custom:framework-win-MediaFoundation: 216162199b28c13a410421893ffa2e32 -> 
  custom:CustomObjectIndexerAttribute: 756ad292c208cfabdd7b50bc23989ffe -> 
  custom:container-demuxer-webm: 4f35f7cbe854078d1ac9338744f61a02 -> 
  custom:container-muxer-webm: aa71ff27fc2769a1b78a27578f13a17b -> 
  custom:video-decoder-webm-vp8: 9c59270c3fd7afecdb556c50c9e8de78 -> 
  custom:SearchIndexIgnoredProperties: e643bd26f0fe6173181afceb89e7c659 -> 
  custom:AudioImporter_EditorPlatform: d09bf68614088b80899f8185d706f6e7 -> 
  custom:video-encoder-webm-vp8: eb34c28f22e8b96e1ab97ce403110664 -> 
  custom:audio-decoder-ogg-vorbis: bf7c407c2cedff20999df2af8eb42d56 -> 
  custom:audio-encoder-webm-vorbis: bf7c407c2cedff20999df2af8eb42d56 -> 
========================================================================
Received Prepare
Begin MonoManager ReloadAssembly
Symbol file LoadedFromMemory doesn't match image C:\Users\TheRe\OneDrive - UWE Bristol\ThirdYear\CCTP\DissertationPrototype\Prototype\Library\PackageCache\com.unity.visualscripting@1.8.0\Editor\VisualScripting.Core\Dependencies\YamlDotNet\Unity.VisualScripting.YamlDotNet.dll
Symbol file LoadedFromMemory doesn't match image C:\Users\TheRe\OneDrive - UWE Bristol\ThirdYear\CCTP\DissertationPrototype\Prototype\Library\PackageCache\com.unity.visualscripting@1.8.0\Editor\VisualScripting.Core\Dependencies\DotNetZip\Unity.VisualScripting.IonicZip.dll
- Loaded All Assemblies, in  0.684 seconds
Refreshing native plugins compatible for Editor in 5.39 ms, found 4 plugins.
Native extension for WindowsStandalone target not found
Mono: successfully reloaded assembly
- Finished resetting the current domain, in  1.214 seconds
Domain Reload Profiling: 1894ms
	BeginReloadAssembly (150ms)
		ExecutionOrderSort (0ms)
		DisableScriptedObjects (10ms)
		BackupInstance (0ms)
		ReleaseScriptingObjects (0ms)
		CreateAndSetChildDomain (40ms)
	RebuildCommonClasses (31ms)
	RebuildNativeTypeToScriptingClass (11ms)
	initialDomainReloadingComplete (31ms)
	LoadAllAssembliesAndSetupDomain (458ms)
		LoadAssemblies (293ms)
		RebuildTransferFunctionScriptingTraits (0ms)
		AnalyzeDomain (224ms)
			TypeCache.Refresh (220ms)
				TypeCache.ScanAssembly (211ms)
			ScanForSourceGeneratedMonoScriptInfo (0ms)
			ResolveRequiredComponents (4ms)
	FinalizeReload (1214ms)
		ReleaseScriptCaches (0ms)
		RebuildScriptCaches (0ms)
		SetupLoadedEditorAssemblies (619ms)
			LogAssemblyErrors (0ms)
			InitializePlatformSupportModulesInManaged (6ms)
			SetLoadedEditorAssemblies (5ms)
			RefreshPlugins (0ms)
			BeforeProcessingInitializeOnLoad (135ms)
			ProcessInitializeOnLoadAttributes (435ms)
			ProcessInitializeOnLoadMethodAttributes (31ms)
			AfterProcessingInitializeOnLoad (8ms)
			EditorAssembliesLoaded (0ms)
		ExecutionOrderSort2 (0ms)
		AwakeInstancesAfterBackupRestoration (12ms)
Refreshing native plugins compatible for Editor in 6.76 ms, found 4 plugins.
Preloading 0 native plugins for Editor in 0.00 ms.
Unloading 4013 Unused Serialized files (Serialized files now loaded: 0)
Unloading 36 unused Assets / (35.0 KB). Loaded Objects now: 4503.
Memory consumption went from 142.2 MB to 142.2 MB.
Total: 3.489200 ms (FindLiveObjects: 0.528300 ms CreateObjectMapping: 0.096800 ms MarkObjects: 2.807300 ms  DeleteObjects: 0.056100 ms)

Prepare: number of updated asset objects reloaded= 0
AssetImportParameters requested are different than current active one (requested -> active):
  custom:container-demuxer-ogg: 62fdf1f143b41e24485cea50d1cbac27 -> 
  custom:video-decoder-ogg-theora: a1e56fd34408186e4bbccfd4996cb3dc -> 
  custom:framework-win-MediaFoundation: 216162199b28c13a410421893ffa2e32 -> 
  custom:CustomObjectIndexerAttribute: 756ad292c208cfabdd7b50bc23989ffe -> 
  custom:container-demuxer-webm: 4f35f7cbe854078d1ac9338744f61a02 -> 
  custom:container-muxer-webm: aa71ff27fc2769a1b78a27578f13a17b -> 
  custom:video-decoder-webm-vp8: 9c59270c3fd7afecdb556c50c9e8de78 -> 
  custom:SearchIndexIgnoredProperties: e643bd26f0fe6173181afceb89e7c659 -> 
  custom:AudioImporter_EditorPlatform: d09bf68614088b80899f8185d706f6e7 -> 
  custom:video-encoder-webm-vp8: eb34c28f22e8b96e1ab97ce403110664 -> 
  custom:audio-decoder-ogg-vorbis: bf7c407c2cedff20999df2af8eb42d56 -> 
  custom:audio-encoder-webm-vorbis: bf7c407c2cedff20999df2af8eb42d56 -> 
========================================================================
Received Import Request.
  Time since last request: 1347.474033 seconds.
  path: Assets/Textures/Backgrounds and tilemaps/oak_woods_tileset.png
  artifactKey: Guid(2e4e9cff100ecc84cbeb9218b8170787) Importer(815301076,1909f56bfc062723c751e8b465ee728b)
Start importing Assets/Textures/Backgrounds and tilemaps/oak_woods_tileset.png using Guid(2e4e9cff100ecc84cbeb9218b8170787) Importer(815301076,1909f56bfc062723c751e8b465ee728b)  -> (artifact id: 'f9a5c87d3611663ad587f72fc7db1c05') in 0.395853 seconds
Number of updated asset objects reloaded before import = 0
Number of asset objects unloaded after import = 154
========================================================================
Received Prepare
Begin MonoManager ReloadAssembly
Symbol file LoadedFromMemory doesn't match image C:\Users\TheRe\OneDrive - UWE Bristol\ThirdYear\CCTP\DissertationPrototype\Prototype\Library\PackageCache\com.unity.visualscripting@1.8.0\Editor\VisualScripting.Core\Dependencies\YamlDotNet\Unity.VisualScripting.YamlDotNet.dll
Symbol file LoadedFromMemory doesn't match image C:\Users\TheRe\OneDrive - UWE Bristol\ThirdYear\CCTP\DissertationPrototype\Prototype\Library\PackageCache\com.unity.visualscripting@1.8.0\Editor\VisualScripting.Core\Dependencies\DotNetZip\Unity.VisualScripting.IonicZip.dll
- Loaded All Assemblies, in  0.660 seconds
Refreshing native plugins compatible for Editor in 6.53 ms, found 4 plugins.
Native extension for WindowsStandalone target not found
Mono: successfully reloaded assembly
- Finished resetting the current domain, in  1.180 seconds
Domain Reload Profiling: 1836ms
	BeginReloadAssembly (139ms)
		ExecutionOrderSort (0ms)
		DisableScriptedObjects (11ms)
		BackupInstance (0ms)
		ReleaseScriptingObjects (0ms)
		CreateAndSetChildDomain (39ms)
	RebuildCommonClasses (31ms)
	RebuildNativeTypeToScriptingClass (12ms)
	initialDomainReloadingComplete (31ms)
	LoadAllAssembliesAndSetupDomain (443ms)
		LoadAssemblies (279ms)
		RebuildTransferFunctionScriptingTraits (0ms)
		AnalyzeDomain (216ms)
			TypeCache.Refresh (212ms)
				TypeCache.ScanAssembly (203ms)
			ScanForSourceGeneratedMonoScriptInfo (0ms)
			ResolveRequiredComponents (4ms)
	FinalizeReload (1180ms)
		ReleaseScriptCaches (0ms)
		RebuildScriptCaches (0ms)
		SetupLoadedEditorAssemblies (592ms)
			LogAssemblyErrors (0ms)
			InitializePlatformSupportModulesInManaged (6ms)
			SetLoadedEditorAssemblies (5ms)
			RefreshPlugins (0ms)
			BeforeProcessingInitializeOnLoad (133ms)
			ProcessInitializeOnLoadAttributes (412ms)
			ProcessInitializeOnLoadMethodAttributes (29ms)
			AfterProcessingInitializeOnLoad (8ms)
			EditorAssembliesLoaded (0ms)
		ExecutionOrderSort2 (0ms)
		AwakeInstancesAfterBackupRestoration (11ms)
Refreshing native plugins compatible for Editor in 6.35 ms, found 4 plugins.
Preloading 0 native plugins for Editor in 0.00 ms.
Unloading 4012 Unused Serialized files (Serialized files now loaded: 0)
Unloading 36 unused Assets / (35.1 KB). Loaded Objects now: 4507.
Memory consumption went from 142.0 MB to 142.0 MB.
Total: 3.613100 ms (FindLiveObjects: 0.384000 ms CreateObjectMapping: 0.127000 ms MarkObjects: 3.038700 ms  DeleteObjects: 0.062000 ms)

Prepare: number of updated asset objects reloaded= 0
AssetImportParameters requested are different than current active one (requested -> active):
  custom:container-demuxer-ogg: 62fdf1f143b41e24485cea50d1cbac27 -> 
  custom:video-decoder-ogg-theora: a1e56fd34408186e4bbccfd4996cb3dc -> 
  custom:framework-win-MediaFoundation: 216162199b28c13a410421893ffa2e32 -> 
  custom:CustomObjectIndexerAttribute: 756ad292c208cfabdd7b50bc23989ffe -> 
  custom:container-demuxer-webm: 4f35f7cbe854078d1ac9338744f61a02 -> 
  custom:container-muxer-webm: aa71ff27fc2769a1b78a27578f13a17b -> 
  custom:video-decoder-webm-vp8: 9c59270c3fd7afecdb556c50c9e8de78 -> 
  custom:SearchIndexIgnoredProperties: e643bd26f0fe6173181afceb89e7c659 -> 
  custom:AudioImporter_EditorPlatform: d09bf68614088b80899f8185d706f6e7 -> 
  custom:video-encoder-webm-vp8: eb34c28f22e8b96e1ab97ce403110664 -> 
  custom:audio-decoder-ogg-vorbis: bf7c407c2cedff20999df2af8eb42d56 -> 
  custom:audio-encoder-webm-vorbis: bf7c407c2cedff20999df2af8eb42d56 -> 
========================================================================
Received Import Request.
  Time since last request: 16.577727 seconds.
  path: Assets/Tilemaps
  artifactKey: Guid(c1ebf838fef6c104aa95327d45f19518) Importer(815301076,1909f56bfc062723c751e8b465ee728b)
Start importing Assets/Tilemaps using Guid(c1ebf838fef6c104aa95327d45f19518) Importer(815301076,1909f56bfc062723c751e8b465ee728b)  -> (artifact id: '2ec1e5fbb5d33aa95980b390ead8937b') in 0.002277 seconds
Number of updated asset objects reloaded before import = 0
Number of asset objects unloaded after import = 0
========================================================================
Received Import Request.
  Time since last request: 0.059854 seconds.
  path: Assets/Tilemaps/oak_woods_tileset_0.asset
  artifactKey: Guid(94160d77c95d31c41ad2a6edb73277f2) Importer(815301076,1909f56bfc062723c751e8b465ee728b)
Start importing Assets/Tilemaps/oak_woods_tileset_0.asset using Guid(94160d77c95d31c41ad2a6edb73277f2) Importer(815301076,1909f56bfc062723c751e8b465ee728b)  -> (artifact id: 'c830ad8c3a61cfa57ac00a0c86241568') in 0.073812 seconds
Number of updated asset objects reloaded before import = 0
Number of asset objects unloaded after import = 3
========================================================================
Received Import Request.
  Time since last request: 0.000021 seconds.
  path: Assets/Tilemaps/oak_woods_tileset_30.asset
  artifactKey: Guid(6fb8e720f1f4ced4db6fc374536886d9) Importer(815301076,1909f56bfc062723c751e8b465ee728b)
Start importing Assets/Tilemaps/oak_woods_tileset_30.asset using Guid(6fb8e720f1f4ced4db6fc374536886d9) Importer(815301076,1909f56bfc062723c751e8b465ee728b)  -> (artifact id: '2d1fe0d20d07594dcde2c33c09c389c7') in 0.012266 seconds
Number of updated asset objects reloaded before import = 0
Number of asset objects unloaded after import = 3
========================================================================
Received Import Request.
  Time since last request: 0.000020 seconds.
  path: Assets/Tilemaps/oak_woods_tileset_19.asset
  artifactKey: Guid(117ff7fc4e5e0e14c9f36626a4612017) Importer(815301076,1909f56bfc062723c751e8b465ee728b)
Start importing Assets/Tilemaps/oak_woods_tileset_19.asset using Guid(117ff7fc4e5e0e14c9f36626a4612017) Importer(815301076,1909f56bfc062723c751e8b465ee728b)  -> (artifact id: '6eba3adf2168729925b9f1a0cc5269ab') in 0.013037 seconds
Number of updated asset objects reloaded before import = 0
Number of asset objects unloaded after import = 3
========================================================================
Received Import Request.
  Time since last request: 0.000017 seconds.
  path: Assets/Tilemaps/oak_woods_tileset_22.asset
  artifactKey: Guid(cecc2776d3bc24648a668a3b8601e9ed) Importer(815301076,1909f56bfc062723c751e8b465ee728b)
Start importing Assets/Tilemaps/oak_woods_tileset_22.asset using Guid(cecc2776d3bc24648a668a3b8601e9ed) Importer(815301076,1909f56bfc062723c751e8b465ee728b)  -> (artifact id: 'cdac9cd66e80e98a758f82fefe1d87e9') in 0.013348 seconds
Number of updated asset objects reloaded before import = 0
Number of asset objects unloaded after import = 3
========================================================================
Received Import Request.
  Time since last request: 0.000023 seconds.
  path: Assets/Tilemaps/oak_woods_tileset_23.asset
  artifactKey: Guid(dcb3cc3f4e1a32845b48baa244848fbb) Importer(815301076,1909f56bfc062723c751e8b465ee728b)
Start importing Assets/Tilemaps/oak_woods_tileset_23.asset using Guid(dcb3cc3f4e1a32845b48baa244848fbb) Importer(815301076,1909f56bfc062723c751e8b465ee728b)  -> (artifact id: '6555c7eb698434d610871cfd7efc8686') in 0.014098 seconds
Number of updated asset objects reloaded before import = 0
Number of asset objects unloaded after import = 3
========================================================================
Received Import Request.
  Time since last request: 0.000016 seconds.
  path: Assets/Tilemaps/oak_woods_tileset_2.asset
  artifactKey: Guid(01471cc24630a144e826ddda2e7c7ac5) Importer(815301076,1909f56bfc062723c751e8b465ee728b)
Start importing Assets/Tilemaps/oak_woods_tileset_2.asset using Guid(01471cc24630a144e826ddda2e7c7ac5) Importer(815301076,1909f56bfc062723c751e8b465ee728b)  -> (artifact id: '30b1ff546d3c9d0328e7fa15b64448ab') in 0.014925 seconds
Number of updated asset objects reloaded before import = 0
Number of asset objects unloaded after import = 3
========================================================================
Received Import Request.
  Time since last request: 0.000018 seconds.
  path: Assets/Tilemaps/oak_woods_tileset_27.asset
  artifactKey: Guid(bcf146888d009f843899ddeb32627d47) Importer(815301076,1909f56bfc062723c751e8b465ee728b)
Start importing Assets/Tilemaps/oak_woods_tileset_27.asset using Guid(bcf146888d009f843899ddeb32627d47) Importer(815301076,1909f56bfc062723c751e8b465ee728b)  -> (artifact id: 'c1073c53bb0b5828ecaab5cd00050b6d') in 0.014351 seconds
Number of updated asset objects reloaded before import = 0
Number of asset objects unloaded after import = 3
========================================================================
Received Import Request.
  Time since last request: 0.000014 seconds.
  path: Assets/Tilemaps/oak_woods_tileset_12.asset
  artifactKey: Guid(c9901655afea0ad42a48bc1d8642c67b) Importer(815301076,1909f56bfc062723c751e8b465ee728b)
Start importing Assets/Tilemaps/oak_woods_tileset_12.asset using Guid(c9901655afea0ad42a48bc1d8642c67b) Importer(815301076,1909f56bfc062723c751e8b465ee728b)  -> (artifact id: 'f3fdae9f6d3fa211aa4b0c724fbc5c88') in 0.015096 seconds
Number of updated asset objects reloaded before import = 0
Number of asset objects unloaded after import = 3
========================================================================
Received Import Request.
  Time since last request: 0.000019 seconds.
  path: Assets/Tilemaps/oak_woods_tileset_21.asset
  artifactKey: Guid(c4dc12b463fae5a4fbb79befb4c42eeb) Importer(815301076,1909f56bfc062723c751e8b465ee728b)
Start importing Assets/Tilemaps/oak_woods_tileset_21.asset using Guid(c4dc12b463fae5a4fbb79befb4c42eeb) Importer(815301076,1909f56bfc062723c751e8b465ee728b)  -> (artifact id: '96cb246039a9666a15e66426824c9452') in 0.009766 seconds
Number of updated asset objects reloaded before import = 0
Number of asset objects unloaded after import = 3
========================================================================
Received Import Request.
  Time since last request: 0.000027 seconds.
  path: Assets/Tilemaps/oak_woods_tileset_35.asset
  artifactKey: Guid(1db62fefb77c8f74187b7f67a0c632d1) Importer(815301076,1909f56bfc062723c751e8b465ee728b)
Start importing Assets/Tilemaps/oak_woods_tileset_35.asset using Guid(1db62fefb77c8f74187b7f67a0c632d1) Importer(815301076,1909f56bfc062723c751e8b465ee728b)  -> (artifact id: 'fa29b228e211d03ee97ce593e9ee4f68') in 0.013391 seconds
Number of updated asset objects reloaded before import = 0
Number of asset objects unloaded after import = 3
========================================================================
Received Import Request.
  Time since last request: 0.000015 seconds.
  path: Assets/Tilemaps/oak_woods_tileset_45.asset
  artifactKey: Guid(38b8c057db127644a9685a1d5767d778) Importer(815301076,1909f56bfc062723c751e8b465ee728b)
Start importing Assets/Tilemaps/oak_woods_tileset_45.asset using Guid(38b8c057db127644a9685a1d5767d778) Importer(815301076,1909f56bfc062723c751e8b465ee728b)  -> (artifact id: 'aa6bdfc7c5cd3cfae3c9343ee0cd4d41') in 0.013819 seconds
Number of updated asset objects reloaded before import = 0
Number of asset objects unloaded after import = 3
========================================================================
Received Import Request.
  Time since last request: 0.000018 seconds.
  path: Assets/Tilemaps/oak_woods_tileset_43.asset
  artifactKey: Guid(58fc51eb2b81d504b80dfa95ca98eea2) Importer(815301076,1909f56bfc062723c751e8b465ee728b)
Start importing Assets/Tilemaps/oak_woods_tileset_43.asset using Guid(58fc51eb2b81d504b80dfa95ca98eea2) Importer(815301076,1909f56bfc062723c751e8b465ee728b)  -> (artifact id: 'b0491a65c8c4aff3dba975b32209bd7b') in 0.013771 seconds
Number of updated asset objects reloaded before import = 0
Number of asset objects unloaded after import = 3
========================================================================
Received Import Request.
  Time since last request: 0.000018 seconds.
  path: Assets/Tilemaps/oak_woods_tileset_15.asset
  artifactKey: Guid(b161bae889916d34a914fcdb5bcbfa9f) Importer(815301076,1909f56bfc062723c751e8b465ee728b)
Start importing Assets/Tilemaps/oak_woods_tileset_15.asset using Guid(b161bae889916d34a914fcdb5bcbfa9f) Importer(815301076,1909f56bfc062723c751e8b465ee728b)  -> (artifact id: '9816bb054ed629b944ca539ef07940d1') in 0.018810 seconds
Number of updated asset objects reloaded before import = 0
Number of asset objects unloaded after import = 3
========================================================================
Received Import Request.
  Time since last request: 0.000015 seconds.
  path: Assets/Tilemaps/oak_woods_tileset_17.asset
  artifactKey: Guid(aedc98bc0b38a074c87bb73bf033c116) Importer(815301076,1909f56bfc062723c751e8b465ee728b)
Start importing Assets/Tilemaps/oak_woods_tileset_17.asset using Guid(aedc98bc0b38a074c87bb73bf033c116) Importer(815301076,1909f56bfc062723c751e8b465ee728b)  -> (artifact id: '70fc9b5297ad996d131686ba938d0bd3') in 0.012245 seconds
Number of updated asset objects reloaded before import = 0
Number of asset objects unloaded after import = 3
========================================================================
Received Import Request.
  Time since last request: 0.000015 seconds.
  path: Assets/Tilemaps/oak_woods_tileset_10.asset
  artifactKey: Guid(2af58e1d935da4b46a2832a6b2225ab7) Importer(815301076,1909f56bfc062723c751e8b465ee728b)
Start importing Assets/Tilemaps/oak_woods_tileset_10.asset using Guid(2af58e1d935da4b46a2832a6b2225ab7) Importer(815301076,1909f56bfc062723c751e8b465ee728b)  -> (artifact id: '1f61d0f3a30b72cbcb8b7d9c3ed559bf') in 0.013603 seconds
Number of updated asset objects reloaded before import = 0
Number of asset objects unloaded after import = 3
========================================================================
Received Import Request.
  Time since last request: 0.000016 seconds.
  path: Assets/Tilemaps/oak_woods_tileset_4.asset
  artifactKey: Guid(5ca0d13aaf85cdb4db6af291b8d8e798) Importer(815301076,1909f56bfc062723c751e8b465ee728b)
Start importing Assets/Tilemaps/oak_woods_tileset_4.asset using Guid(5ca0d13aaf85cdb4db6af291b8d8e798) Importer(815301076,1909f56bfc062723c751e8b465ee728b)  -> (artifact id: '9ef5f6b791b7546c33141f9c339a289c') in 0.012353 seconds
Number of updated asset objects reloaded before import = 0
Number of asset objects unloaded after import = 3
========================================================================
Received Import Request.
  Time since last request: 0.000019 seconds.
  path: Assets/Tilemaps/oak_woods_tileset_32.asset
  artifactKey: Guid(4c8995074bf327d4ea729fc1333b24f8) Importer(815301076,1909f56bfc062723c751e8b465ee728b)
Start importing Assets/Tilemaps/oak_woods_tileset_32.asset using Guid(4c8995074bf327d4ea729fc1333b24f8) Importer(815301076,1909f56bfc062723c751e8b465ee728b)  -> (artifact id: '50a3d08785e7a4d282f6975e5503934d') in 0.013727 seconds
Number of updated asset objects reloaded before import = 0
Number of asset objects unloaded after import = 3
========================================================================
Received Import Request.
  Time since last request: 0.000016 seconds.
  path: Assets/Tilemaps/oak_woods_tileset_5.asset
  artifactKey: Guid(9c2fe2a26b0e3b7499bf5b36205b3cf8) Importer(815301076,1909f56bfc062723c751e8b465ee728b)
Start importing Assets/Tilemaps/oak_woods_tileset_5.asset using Guid(9c2fe2a26b0e3b7499bf5b36205b3cf8) Importer(815301076,1909f56bfc062723c751e8b465ee728b)  -> (artifact id: '86be76ebc6d45898097b6707efccba81') in 0.016075 seconds
Number of updated asset objects reloaded before import = 0
Number of asset objects unloaded after import = 3
========================================================================
Received Import Request.
  Time since last request: 0.000029 seconds.
  path: Assets/Tilemaps/oak_woods_tileset_33.asset
  artifactKey: Guid(669d2f0fc0311f946b6b9d9b91a39d79) Importer(815301076,1909f56bfc062723c751e8b465ee728b)
Start importing Assets/Tilemaps/oak_woods_tileset_33.asset using Guid(669d2f0fc0311f946b6b9d9b91a39d79) Importer(815301076,1909f56bfc062723c751e8b465ee728b)  -> (artifact id: '401d811ffba0467fefebba77e64a8205') in 0.012266 seconds
Number of updated asset objects reloaded before import = 0
Number of asset objects unloaded after import = 3
========================================================================
Received Import Request.
  Time since last request: 0.000018 seconds.
  path: Assets/Tilemaps/oak_woods_tileset_31.asset
  artifactKey: Guid(f6b5ae328218c7d4bb5f49f7e2b17170) Importer(815301076,1909f56bfc062723c751e8b465ee728b)
Start importing Assets/Tilemaps/oak_woods_tileset_31.asset using Guid(f6b5ae328218c7d4bb5f49f7e2b17170) Importer(815301076,1909f56bfc062723c751e8b465ee728b)  -> (artifact id: '6585f99954b7aa2fbeb06ebcf083d305') in 0.013244 seconds
Number of updated asset objects reloaded before import = 0
Number of asset objects unloaded after import = 3
========================================================================
Received Import Request.
  Time since last request: 0.000019 seconds.
  path: Assets/Tilemaps/oak_woods_tileset_25.asset
  artifactKey: Guid(e2f7357d5aeb44f4bb0d88218dc04943) Importer(815301076,1909f56bfc062723c751e8b465ee728b)
Start importing Assets/Tilemaps/oak_woods_tileset_25.asset using Guid(e2f7357d5aeb44f4bb0d88218dc04943) Importer(815301076,1909f56bfc062723c751e8b465ee728b)  -> (artifact id: 'a3e154fafdcd2927f3c08ec2a290984a') in 0.015757 seconds
Number of updated asset objects reloaded before import = 0
Number of asset objects unloaded after import = 3
========================================================================
Received Import Request.
  Time since last request: 0.000020 seconds.
  path: Assets/Tilemaps/oak_woods_tileset_38.asset
  artifactKey: Guid(908ae3b645a0c1b4997bf49666ea0d9d) Importer(815301076,1909f56bfc062723c751e8b465ee728b)
Start importing Assets/Tilemaps/oak_woods_tileset_38.asset using Guid(908ae3b645a0c1b4997bf49666ea0d9d) Importer(815301076,1909f56bfc062723c751e8b465ee728b)  -> (artifact id: '74c2789c0c837361446eb9591b6dd635') in 0.013647 seconds
Number of updated asset objects reloaded before import = 0
Number of asset objects unloaded after import = 3
========================================================================
Received Import Request.
  Time since last request: 0.000018 seconds.
  path: Assets/Tilemaps/oak_woods_tileset_13.asset
  artifactKey: Guid(cf625d9a2bf000b4bada4a97b1b4736b) Importer(815301076,1909f56bfc062723c751e8b465ee728b)
Start importing Assets/Tilemaps/oak_woods_tileset_13.asset using Guid(cf625d9a2bf000b4bada4a97b1b4736b) Importer(815301076,1909f56bfc062723c751e8b465ee728b)  -> (artifact id: 'e1ec29a3897cab22b7dc443a65f170ce') in 0.015121 seconds
Number of updated asset objects reloaded before import = 0
Number of asset objects unloaded after import = 3
========================================================================
Received Import Request.
  Time since last request: 0.000020 seconds.
  path: Assets/Tilemaps/oak_woods_tileset_14.asset
  artifactKey: Guid(d42fbedbc9c552a438b453dd5b3de5f8) Importer(815301076,1909f56bfc062723c751e8b465ee728b)
Start importing Assets/Tilemaps/oak_woods_tileset_14.asset using Guid(d42fbedbc9c552a438b453dd5b3de5f8) Importer(815301076,1909f56bfc062723c751e8b465ee728b)  -> (artifact id: 'c4b994c6c5ee7b19615c19b8098c21ba') in 0.011973 seconds
Number of updated asset objects reloaded before import = 0
Number of asset objects unloaded after import = 3
========================================================================
Received Import Request.
  Time since last request: 0.183540 seconds.
  path: Assets/Tilemaps/oak_woods_tileset_46.asset
  artifactKey: Guid(6976f84017b53aa469f92b986b020204) Importer(815301076,1909f56bfc062723c751e8b465ee728b)
Start importing Assets/Tilemaps/oak_woods_tileset_46.asset using Guid(6976f84017b53aa469f92b986b020204) Importer(815301076,1909f56bfc062723c751e8b465ee728b)  -> (artifact id: '34c118f082038009c5c3fb667537a775') in 0.012147 seconds
Number of updated asset objects reloaded before import = 0
Number of asset objects unloaded after import = 3
========================================================================
Received Import Request.
  Time since last request: 0.000018 seconds.
  path: Assets/Tilemaps/oak_woods_tileset_48.asset
  artifactKey: Guid(680779b3e0c8b9648a09fd782f4f0940) Importer(815301076,1909f56bfc062723c751e8b465ee728b)
Start importing Assets/Tilemaps/oak_woods_tileset_48.asset using Guid(680779b3e0c8b9648a09fd782f4f0940) Importer(815301076,1909f56bfc062723c751e8b465ee728b)  -> (artifact id: 'd1f28463f6da58b740319a6bfd02ac1b') in 0.011990 seconds
Number of updated asset objects reloaded before import = 0
Number of asset objects unloaded after import = 3
========================================================================
Received Import Request.
  Time since last request: 0.000020 seconds.
  path: Assets/Tilemaps/oak_woods_tileset_53.asset
  artifactKey: Guid(5b2089eb87a23a14ca2a8a1e126a140c) Importer(815301076,1909f56bfc062723c751e8b465ee728b)
Start importing Assets/Tilemaps/oak_woods_tileset_53.asset using Guid(5b2089eb87a23a14ca2a8a1e126a140c) Importer(815301076,1909f56bfc062723c751e8b465ee728b)  -> (artifact id: '0be2c39408f41a6078bc6504c98639d8') in 0.014606 seconds
Number of updated asset objects reloaded before import = 0
Number of asset objects unloaded after import = 3
========================================================================
Received Import Request.
  Time since last request: 0.000019 seconds.
  path: Assets/Tilemaps/oak_woods_tileset_71.asset
  artifactKey: Guid(5588eeafe30c02b4a951719aabda98ff) Importer(815301076,1909f56bfc062723c751e8b465ee728b)
Start importing Assets/Tilemaps/oak_woods_tileset_71.asset using Guid(5588eeafe30c02b4a951719aabda98ff) Importer(815301076,1909f56bfc062723c751e8b465ee728b)  -> (artifact id: 'd34f1242ff3ecdc072b84596a2749079') in 0.014941 seconds
Number of updated asset objects reloaded before import = 0
Number of asset objects unloaded after import = 3
========================================================================
Received Import Request.
  Time since last request: 0.000047 seconds.
  path: Assets/Tilemaps/oak_woods_tileset_66.asset
  artifactKey: Guid(f77f3e27e6f94aa438d6509a393cd50c) Importer(815301076,1909f56bfc062723c751e8b465ee728b)
Start importing Assets/Tilemaps/oak_woods_tileset_66.asset using Guid(f77f3e27e6f94aa438d6509a393cd50c) Importer(815301076,1909f56bfc062723c751e8b465ee728b)  -> (artifact id: '4ead9e671c0253d37c80b17acf3c809d') in 0.013078 seconds
Number of updated asset objects reloaded before import = 0
Number of asset objects unloaded after import = 3
========================================================================
Received Import Request.
  Time since last request: 0.000017 seconds.
  path: Assets/Tilemaps/oak_woods_tileset_88.asset
  artifactKey: Guid(1ff2881f08c46eb479204387a23c3d8f) Importer(815301076,1909f56bfc062723c751e8b465ee728b)
Start importing Assets/Tilemaps/oak_woods_tileset_88.asset using Guid(1ff2881f08c46eb479204387a23c3d8f) Importer(815301076,1909f56bfc062723c751e8b465ee728b)  -> (artifact id: 'd868e647ec596812c0b7716ac334dcda') in 0.011755 seconds
Number of updated asset objects reloaded before import = 0
Number of asset objects unloaded after import = 3
========================================================================
Received Import Request.
  Time since last request: 0.000013 seconds.
  path: Assets/Tilemaps/oak_woods_tileset_68.asset
  artifactKey: Guid(94265ea76065e204eb5bf7a487ee64f7) Importer(815301076,1909f56bfc062723c751e8b465ee728b)
Start importing Assets/Tilemaps/oak_woods_tileset_68.asset using Guid(94265ea76065e204eb5bf7a487ee64f7) Importer(815301076,1909f56bfc062723c751e8b465ee728b)  -> (artifact id: 'd6137015d47aae43a0111e3e9861a0a6') in 0.011307 seconds
Number of updated asset objects reloaded before import = 0
Number of asset objects unloaded after import = 3
========================================================================
Received Import Request.
  Time since last request: 0.000019 seconds.
  path: Assets/Tilemaps/oak_woods_tileset_86.asset
  artifactKey: Guid(015e10d8dc751374c91f02634f1266cb) Importer(815301076,1909f56bfc062723c751e8b465ee728b)
Start importing Assets/Tilemaps/oak_woods_tileset_86.asset using Guid(015e10d8dc751374c91f02634f1266cb) Importer(815301076,1909f56bfc062723c751e8b465ee728b)  -> (artifact id: '3f511e9fd71ea906f70f68ab72064ec7') in 0.012426 seconds
Number of updated asset objects reloaded before import = 0
Number of asset objects unloaded after import = 3
========================================================================
Received Import Request.
  Time since last request: 0.000015 seconds.
  path: Assets/Tilemaps/oak_woods_tileset_75.asset
  artifactKey: Guid(cda22db29e7d96149815310c9a5fed55) Importer(815301076,1909f56bfc062723c751e8b465ee728b)
Start importing Assets/Tilemaps/oak_woods_tileset_75.asset using Guid(cda22db29e7d96149815310c9a5fed55) Importer(815301076,1909f56bfc062723c751e8b465ee728b)  -> (artifact id: 'a410e12b3844ad07b67796e465737844') in 0.012647 seconds
Number of updated asset objects reloaded before import = 0
Number of asset objects unloaded after import = 3
========================================================================
Received Import Request.
  Time since last request: 0.000017 seconds.
  path: Assets/Tilemaps/oak_woods_tileset_51.asset
  artifactKey: Guid(ac20de1094a7df84e92ec96c925d8b27) Importer(815301076,1909f56bfc062723c751e8b465ee728b)
Start importing Assets/Tilemaps/oak_woods_tileset_51.asset using Guid(ac20de1094a7df84e92ec96c925d8b27) Importer(815301076,1909f56bfc062723c751e8b465ee728b)  -> (artifact id: '8e2504c8df661fc78ef4f7af52dd9f9c') in 0.011732 seconds
Number of updated asset objects reloaded before import = 0
Number of asset objects unloaded after import = 3
========================================================================
Received Import Request.
  Time since last request: 0.000025 seconds.
  path: Assets/Tilemaps/oak_woods_tileset_79.asset
  artifactKey: Guid(88620a01413cf204ab6a53aab4c997c9) Importer(815301076,1909f56bfc062723c751e8b465ee728b)
Start importing Assets/Tilemaps/oak_woods_tileset_79.asset using Guid(88620a01413cf204ab6a53aab4c997c9) Importer(815301076,1909f56bfc062723c751e8b465ee728b)  -> (artifact id: '53864e1b5f35ff657bf9027251711863') in 0.013387 seconds
Number of updated asset objects reloaded before import = 0
Number of asset objects unloaded after import = 3
========================================================================
Received Import Request.
  Time since last request: 0.000023 seconds.
  path: Assets/Tilemaps/oak_woods_tileset_65.asset
  artifactKey: Guid(19d5909eabc082447917664bf802ae01) Importer(815301076,1909f56bfc062723c751e8b465ee728b)
Start importing Assets/Tilemaps/oak_woods_tileset_65.asset using Guid(19d5909eabc082447917664bf802ae01) Importer(815301076,1909f56bfc062723c751e8b465ee728b)  -> (artifact id: 'e5dfd4406778e1ce80d91090c5367b52') in 0.012485 seconds
Number of updated asset objects reloaded before import = 0
Number of asset objects unloaded after import = 3
========================================================================
Received Import Request.
  Time since last request: 0.000023 seconds.
  path: Assets/Tilemaps/oak_woods_tileset_57.asset
  artifactKey: Guid(159b8bbe08d6b914db3490a9b0b1346a) Importer(815301076,1909f56bfc062723c751e8b465ee728b)
Start importing Assets/Tilemaps/oak_woods_tileset_57.asset using Guid(159b8bbe08d6b914db3490a9b0b1346a) Importer(815301076,1909f56bfc062723c751e8b465ee728b)  -> (artifact id: '289427e101b6daf3099f7e96919d21ed') in 0.013659 seconds
Number of updated asset objects reloaded before import = 0
Number of asset objects unloaded after import = 3
========================================================================
Received Import Request.
  Time since last request: 0.000021 seconds.
  path: Assets/Tilemaps/oak_woods_tileset_82.asset
  artifactKey: Guid(4cacc4b8b5fa09e44bc058431f3c28a7) Importer(815301076,1909f56bfc062723c751e8b465ee728b)
Start importing Assets/Tilemaps/oak_woods_tileset_82.asset using Guid(4cacc4b8b5fa09e44bc058431f3c28a7) Importer(815301076,1909f56bfc062723c751e8b465ee728b)  -> (artifact id: '95609fe469875bb9172515cb04aba2c5') in 0.013834 seconds
Number of updated asset objects reloaded before import = 0
Number of asset objects unloaded after import = 3
========================================================================
Received Import Request.
  Time since last request: 0.000023 seconds.
  path: Assets/Tilemaps/oak_woods_tileset_61.asset
  artifactKey: Guid(93954639da8ca6d4bb3d236c326fdeb8) Importer(815301076,1909f56bfc062723c751e8b465ee728b)
Start importing Assets/Tilemaps/oak_woods_tileset_61.asset using Guid(93954639da8ca6d4bb3d236c326fdeb8) Importer(815301076,1909f56bfc062723c751e8b465ee728b)  -> (artifact id: 'f15293630f0e906a35d5b77cf5ad10cd') in 0.012550 seconds
Number of updated asset objects reloaded before import = 0
Number of asset objects unloaded after import = 3
========================================================================
Received Import Request.
  Time since last request: 0.000014 seconds.
  path: Assets/Tilemaps/oak_woods_tileset_50.asset
  artifactKey: Guid(153b605bfecee2742b60e20c0e3ffdea) Importer(815301076,1909f56bfc062723c751e8b465ee728b)
Start importing Assets/Tilemaps/oak_woods_tileset_50.asset using Guid(153b605bfecee2742b60e20c0e3ffdea) Importer(815301076,1909f56bfc062723c751e8b465ee728b)  -> (artifact id: 'c0d33fc0e20e561e18dfcde60413ef89') in 0.012759 seconds
Number of updated asset objects reloaded before import = 0
Number of asset objects unloaded after import = 3
========================================================================
Received Import Request.
  Time since last request: 0.000019 seconds.
  path: Assets/Tilemaps/oak_woods_tileset_81.asset
  artifactKey: Guid(187eff5a35ab67e4383e324f2149197b) Importer(815301076,1909f56bfc062723c751e8b465ee728b)
Start importing Assets/Tilemaps/oak_woods_tileset_81.asset using Guid(187eff5a35ab67e4383e324f2149197b) Importer(815301076,1909f56bfc062723c751e8b465ee728b)  -> (artifact id: 'ce1eae149119b7056d7ebee12171af31') in 0.011057 seconds
Number of updated asset objects reloaded before import = 0
Number of asset objects unloaded after import = 3
========================================================================
Received Import Request.
  Time since last request: 0.000014 seconds.
  path: Assets/Tilemaps/oak_woods_tileset_58.asset
  artifactKey: Guid(62dbeb53464525a40bdd0babe4499fba) Importer(815301076,1909f56bfc062723c751e8b465ee728b)
Start importing Assets/Tilemaps/oak_woods_tileset_58.asset using Guid(62dbeb53464525a40bdd0babe4499fba) Importer(815301076,1909f56bfc062723c751e8b465ee728b)  -> (artifact id: 'e656f146f9dc913f1afacbb5a40a7dfd') in 0.012993 seconds
Number of updated asset objects reloaded before import = 0
Number of asset objects unloaded after import = 3
========================================================================
Received Import Request.
  Time since last request: 0.000023 seconds.
  path: Assets/Tilemaps/oak_woods_tileset_55.asset
  artifactKey: Guid(3bd2ed88664e45f40b239296668819aa) Importer(815301076,1909f56bfc062723c751e8b465ee728b)
Start importing Assets/Tilemaps/oak_woods_tileset_55.asset using Guid(3bd2ed88664e45f40b239296668819aa) Importer(815301076,1909f56bfc062723c751e8b465ee728b)  -> (artifact id: '35bf4e9abaf7edf823f11b34b433c91b') in 0.012564 seconds
Number of updated asset objects reloaded before import = 0
Number of asset objects unloaded after import = 3
========================================================================
Received Import Request.
  Time since last request: 0.000017 seconds.
  path: Assets/Tilemaps/oak_woods_tileset_62.asset
  artifactKey: Guid(440aad0962c69824981e6f5c8791d2f7) Importer(815301076,1909f56bfc062723c751e8b465ee728b)
Start importing Assets/Tilemaps/oak_woods_tileset_62.asset using Guid(440aad0962c69824981e6f5c8791d2f7) Importer(815301076,1909f56bfc062723c751e8b465ee728b)  -> (artifact id: '62d66691ac8e19ceacc3bfb00952542b') in 0.011656 seconds
Number of updated asset objects reloaded before import = 0
Number of asset objects unloaded after import = 3
========================================================================
Received Import Request.
  Time since last request: 0.000016 seconds.
  path: Assets/Tilemaps/oak_woods_tileset_72.asset
  artifactKey: Guid(9f1f6127faa3e634ead76f379b1658aa) Importer(815301076,1909f56bfc062723c751e8b465ee728b)
Start importing Assets/Tilemaps/oak_woods_tileset_72.asset using Guid(9f1f6127faa3e634ead76f379b1658aa) Importer(815301076,1909f56bfc062723c751e8b465ee728b)  -> (artifact id: '6374f9761f605abe7fea9242ace3c3aa') in 0.005999 seconds
Number of updated asset objects reloaded before import = 0
Number of asset objects unloaded after import = 3
========================================================================
Received Import Request.
  Time since last request: 0.000034 seconds.
  path: Assets/Tilemaps/oak_woods_tileset_67.asset
  artifactKey: Guid(b509512bf64133e42a86ffa72b698bf6) Importer(815301076,1909f56bfc062723c751e8b465ee728b)
Start importing Assets/Tilemaps/oak_woods_tileset_67.asset using Guid(b509512bf64133e42a86ffa72b698bf6) Importer(815301076,1909f56bfc062723c751e8b465ee728b)  -> (artifact id: '0a51f48533f2e2f20258b275d3003187') in 0.012990 seconds
Number of updated asset objects reloaded before import = 0
Number of asset objects unloaded after import = 3
========================================================================
Received Import Request.
  Time since last request: 0.108509 seconds.
  path: Assets/Tilemaps/oak_woods_tileset_91.asset
  artifactKey: Guid(bdd3792585c40d64d9d4abef719750d5) Importer(815301076,1909f56bfc062723c751e8b465ee728b)
Start importing Assets/Tilemaps/oak_woods_tileset_91.asset using Guid(bdd3792585c40d64d9d4abef719750d5) Importer(815301076,1909f56bfc062723c751e8b465ee728b)  -> (artifact id: 'c9c91cf7aad9da6344dd2b5bae00946a') in 0.012869 seconds
Number of updated asset objects reloaded before import = 0
Number of asset objects unloaded after import = 3
========================================================================
Received Import Request.
  Time since last request: 0.000016 seconds.
  path: Assets/Tilemaps/oak_woods_tileset_99.asset
  artifactKey: Guid(d538a6936ccf4364d999a3ed34936fcf) Importer(815301076,1909f56bfc062723c751e8b465ee728b)
Start importing Assets/Tilemaps/oak_woods_tileset_99.asset using Guid(d538a6936ccf4364d999a3ed34936fcf) Importer(815301076,1909f56bfc062723c751e8b465ee728b)  -> (artifact id: '733983655326ce4ed40c33fa682a1b8b') in 0.013477 seconds
Number of updated asset objects reloaded before import = 0
Number of asset objects unloaded after import = 3
========================================================================
Received Import Request.
  Time since last request: 0.000018 seconds.
  path: Assets/Tilemaps/oak_woods_tileset_105.asset
  artifactKey: Guid(85ad780d4835b084aa32ba61b2a39ccb) Importer(815301076,1909f56bfc062723c751e8b465ee728b)
Start importing Assets/Tilemaps/oak_woods_tileset_105.asset using Guid(85ad780d4835b084aa32ba61b2a39ccb) Importer(815301076,1909f56bfc062723c751e8b465ee728b)  -> (artifact id: 'b46093bf862845be04e2ef86ad7e3e9e') in 0.012740 seconds
Number of updated asset objects reloaded before import = 0
Number of asset objects unloaded after import = 3
========================================================================
Received Import Request.
  Time since last request: 0.000019 seconds.
  path: Assets/Tilemaps/oak_woods_tileset_109.asset
  artifactKey: Guid(6ffbec219054bc343902406ee49a196b) Importer(815301076,1909f56bfc062723c751e8b465ee728b)
Start importing Assets/Tilemaps/oak_woods_tileset_109.asset using Guid(6ffbec219054bc343902406ee49a196b) Importer(815301076,1909f56bfc062723c751e8b465ee728b)  -> (artifact id: 'c3dc9f29f4b0be92ed61e4ac9f8a92e3') in 0.012481 seconds
Number of updated asset objects reloaded before import = 0
Number of asset objects unloaded after import = 3
========================================================================
Received Import Request.
  Time since last request: 0.000021 seconds.
  path: Assets/Tilemaps/oak_woods_tileset_108.asset
  artifactKey: Guid(8292f94b1e9f9c74998d8465a4f5d1a0) Importer(815301076,1909f56bfc062723c751e8b465ee728b)
Start importing Assets/Tilemaps/oak_woods_tileset_108.asset using Guid(8292f94b1e9f9c74998d8465a4f5d1a0) Importer(815301076,1909f56bfc062723c751e8b465ee728b)  -> (artifact id: 'a60ad30d27e794835d99e5768008d26b') in 0.013005 seconds
Number of updated asset objects reloaded before import = 0
Number of asset objects unloaded after import = 3
========================================================================
Received Import Request.
  Time since last request: 0.000021 seconds.
  path: Assets/Tilemaps/oak_woods_tileset_121.asset
  artifactKey: Guid(b9100816f647c414ebc6a6ec5a56455d) Importer(815301076,1909f56bfc062723c751e8b465ee728b)
Start importing Assets/Tilemaps/oak_woods_tileset_121.asset using Guid(b9100816f647c414ebc6a6ec5a56455d) Importer(815301076,1909f56bfc062723c751e8b465ee728b)  -> (artifact id: 'e966b9fb44001e6c03adf3b457e5f65d') in 0.013298 seconds
Number of updated asset objects reloaded before import = 0
Number of asset objects unloaded after import = 3
========================================================================
Received Import Request.
  Time since last request: 0.000019 seconds.
  path: Assets/Tilemaps/oak_woods_tileset_126.asset
  artifactKey: Guid(704e3686951a3f6439326582d2d52fde) Importer(815301076,1909f56bfc062723c751e8b465ee728b)
Start importing Assets/Tilemaps/oak_woods_tileset_126.asset using Guid(704e3686951a3f6439326582d2d52fde) Importer(815301076,1909f56bfc062723c751e8b465ee728b)  -> (artifact id: '4a1d742c6509084f9397ae3dd18a591d') in 0.012264 seconds
Number of updated asset objects reloaded before import = 0
Number of asset objects unloaded after import = 3
========================================================================
Received Import Request.
  Time since last request: 0.000022 seconds.
  path: Assets/Tilemaps/oak_woods_tileset_131.asset
  artifactKey: Guid(a595ce8a1dd80024d8435d75b33f7a87) Importer(815301076,1909f56bfc062723c751e8b465ee728b)
Start importing Assets/Tilemaps/oak_woods_tileset_131.asset using Guid(a595ce8a1dd80024d8435d75b33f7a87) Importer(815301076,1909f56bfc062723c751e8b465ee728b)  -> (artifact id: '5fc51fe689c59a65d7ce350adebc6144') in 0.012131 seconds
Number of updated asset objects reloaded before import = 0
Number of asset objects unloaded after import = 3
========================================================================
Received Import Request.
  Time since last request: 0.000032 seconds.
  path: Assets/Tilemaps/oak_woods_tileset_123.asset
  artifactKey: Guid(8fa9ff412c9a88f4dab69d2a6793b7e9) Importer(815301076,1909f56bfc062723c751e8b465ee728b)
Start importing Assets/Tilemaps/oak_woods_tileset_123.asset using Guid(8fa9ff412c9a88f4dab69d2a6793b7e9) Importer(815301076,1909f56bfc062723c751e8b465ee728b)  -> (artifact id: '49fe137901fb331482f3b5d6b535b9ca') in 0.012444 seconds
Number of updated asset objects reloaded before import = 0
Number of asset objects unloaded after import = 3
========================================================================
Received Import Request.
  Time since last request: 0.000023 seconds.
  path: Assets/Tilemaps/oak_woods_tileset_129.asset
  artifactKey: Guid(60d4d8c920429a54b996555e174d18a1) Importer(815301076,1909f56bfc062723c751e8b465ee728b)
Start importing Assets/Tilemaps/oak_woods_tileset_129.asset using Guid(60d4d8c920429a54b996555e174d18a1) Importer(815301076,1909f56bfc062723c751e8b465ee728b)  -> (artifact id: '0d42c83e20d0d741933410a4efbff935') in 0.012883 seconds
Number of updated asset objects reloaded before import = 0
Number of asset objects unloaded after import = 3
========================================================================
Received Import Request.
  Time since last request: 0.000022 seconds.
  path: Assets/Tilemaps/oak_woods_tileset_146.asset
  artifactKey: Guid(7056c69102087c54385aed085a63c96f) Importer(815301076,1909f56bfc062723c751e8b465ee728b)
Start importing Assets/Tilemaps/oak_woods_tileset_146.asset using Guid(7056c69102087c54385aed085a63c96f) Importer(815301076,1909f56bfc062723c751e8b465ee728b)  -> (artifact id: '1cc0599e71b64331992f52d3276bacf6') in 0.012911 seconds
Number of updated asset objects reloaded before import = 0
Number of asset objects unloaded after import = 3
========================================================================
Received Import Request.
  Time since last request: 0.000019 seconds.
  path: Assets/Tilemaps/oak_woods_tileset_137.asset
  artifactKey: Guid(3c3f3feaa29bc74408af7ab8ec1a5996) Importer(815301076,1909f56bfc062723c751e8b465ee728b)
Start importing Assets/Tilemaps/oak_woods_tileset_137.asset using Guid(3c3f3feaa29bc74408af7ab8ec1a5996) Importer(815301076,1909f56bfc062723c751e8b465ee728b)  -> (artifact id: 'b3da2cbc5c4f47cd7b0a824e0253d8fe') in 0.012714 seconds
Number of updated asset objects reloaded before import = 0
Number of asset objects unloaded after import = 3
========================================================================
Received Import Request.
  Time since last request: 0.000019 seconds.
  path: Assets/Tilemaps/oak_woods_tileset_127.asset
  artifactKey: Guid(e7299d5c5446a6b4b9d5d6b6afad9689) Importer(815301076,1909f56bfc062723c751e8b465ee728b)
Start importing Assets/Tilemaps/oak_woods_tileset_127.asset using Guid(e7299d5c5446a6b4b9d5d6b6afad9689) Importer(815301076,1909f56bfc062723c751e8b465ee728b)  -> (artifact id: '0a9d49799842040afce3ecea3b171075') in 0.012032 seconds
Number of updated asset objects reloaded before import = 0
Number of asset objects unloaded after import = 3
========================================================================
Received Import Request.
  Time since last request: 0.000016 seconds.
  path: Assets/Tilemaps/oak_woods_tileset_120.asset
  artifactKey: Guid(fce453a0c94d7084bbd1e60fc84d3542) Importer(815301076,1909f56bfc062723c751e8b465ee728b)
Start importing Assets/Tilemaps/oak_woods_tileset_120.asset using Guid(fce453a0c94d7084bbd1e60fc84d3542) Importer(815301076,1909f56bfc062723c751e8b465ee728b)  -> (artifact id: '3f018c0a2b4d3ee3b4176584a05bc850') in 0.012840 seconds
Number of updated asset objects reloaded before import = 0
Number of asset objects unloaded after import = 3
========================================================================
Received Import Request.
  Time since last request: 0.000015 seconds.
  path: Assets/Tilemaps/oak_woods_tileset_110.asset
  artifactKey: Guid(eb5ddbfcdac2b1140be373eaf4497587) Importer(815301076,1909f56bfc062723c751e8b465ee728b)
Start importing Assets/Tilemaps/oak_woods_tileset_110.asset using Guid(eb5ddbfcdac2b1140be373eaf4497587) Importer(815301076,1909f56bfc062723c751e8b465ee728b)  -> (artifact id: '98cc9079e833794a7e932b9cf77cdb41') in 0.013398 seconds
Number of updated asset objects reloaded before import = 0
Number of asset objects unloaded after import = 3
========================================================================
Received Import Request.
  Time since last request: 0.000018 seconds.
  path: Assets/Tilemaps/oak_woods_tileset_117.asset
  artifactKey: Guid(76f5cdb61ccec59468f877592f60e7e1) Importer(815301076,1909f56bfc062723c751e8b465ee728b)
Start importing Assets/Tilemaps/oak_woods_tileset_117.asset using Guid(76f5cdb61ccec59468f877592f60e7e1) Importer(815301076,1909f56bfc062723c751e8b465ee728b)  -> (artifact id: '119027f3cf1f9a1bfe1bbcf8172f766a') in 0.012919 seconds
Number of updated asset objects reloaded before import = 0
Number of asset objects unloaded after import = 3
========================================================================
Received Import Request.
  Time since last request: 0.000015 seconds.
  path: Assets/Tilemaps/oak_woods_tileset_128.asset
  artifactKey: Guid(f62c375c1c2a99d4e819ab24f41f75a9) Importer(815301076,1909f56bfc062723c751e8b465ee728b)
Start importing Assets/Tilemaps/oak_woods_tileset_128.asset using Guid(f62c375c1c2a99d4e819ab24f41f75a9) Importer(815301076,1909f56bfc062723c751e8b465ee728b)  -> (artifact id: 'f575c150251d41545b9ba30389e91280') in 0.012971 seconds
Number of updated asset objects reloaded before import = 0
Number of asset objects unloaded after import = 3
========================================================================
Received Import Request.
  Time since last request: 0.000014 seconds.
  path: Assets/Tilemaps/oak_woods_tileset_96.asset
  artifactKey: Guid(a3c6cb23aa5c3a740971f5cba0484a4b) Importer(815301076,1909f56bfc062723c751e8b465ee728b)
Start importing Assets/Tilemaps/oak_woods_tileset_96.asset using Guid(a3c6cb23aa5c3a740971f5cba0484a4b) Importer(815301076,1909f56bfc062723c751e8b465ee728b)  -> (artifact id: '27130a5dbda0c21ce404376e25b65758') in 0.011173 seconds
Number of updated asset objects reloaded before import = 0
Number of asset objects unloaded after import = 3
========================================================================
Received Import Request.
  Time since last request: 0.000016 seconds.
  path: Assets/Tilemaps/OakWoods.prefab
  artifactKey: Guid(123a0e460487c0d4996470240952ef8b) Importer(815301076,1909f56bfc062723c751e8b465ee728b)
Start importing Assets/Tilemaps/OakWoods.prefab using Guid(123a0e460487c0d4996470240952ef8b) Importer(815301076,1909f56bfc062723c751e8b465ee728b)  -> (artifact id: '5abce3b19b2d21c795dcbe7f5e9d0ef9') in 0.100836 seconds
Number of updated asset objects reloaded before import = 0
Number of asset objects unloaded after import = 315
========================================================================
Received Import Request.
  Time since last request: 0.000042 seconds.
  path: Assets/Tilemaps/oak_woods_tileset_132.asset
  artifactKey: Guid(cfc35e1dcf0f9844f8d5e706ade62051) Importer(815301076,1909f56bfc062723c751e8b465ee728b)
Start importing Assets/Tilemaps/oak_woods_tileset_132.asset using Guid(cfc35e1dcf0f9844f8d5e706ade62051) Importer(815301076,1909f56bfc062723c751e8b465ee728b)  -> (artifact id: '95693716cf2e5a5e2d686f1128a9dca7') in 0.012440 seconds
Number of updated asset objects reloaded before import = 0
Number of asset objects unloaded after import = 3
========================================================================
Received Import Request.
  Time since last request: 0.000031 seconds.
  path: Assets/Tilemaps/oak_woods_tileset_101.asset
  artifactKey: Guid(47f59c5ace41ede43bad4653ee0bfeef) Importer(815301076,1909f56bfc062723c751e8b465ee728b)
Start importing Assets/Tilemaps/oak_woods_tileset_101.asset using Guid(47f59c5ace41ede43bad4653ee0bfeef) Importer(815301076,1909f56bfc062723c751e8b465ee728b)  -> (artifact id: 'b407ad5277fde11cfa51cdbfd515e6e0') in 0.013041 seconds
Number of updated asset objects reloaded before import = 0
Number of asset objects unloaded after import = 3
========================================================================
Received Import Request.
  Time since last request: 0.000015 seconds.
  path: Assets/Tilemaps/oak_woods_tileset_111.asset
  artifactKey: Guid(7649c43a009b25741aa7240610538374) Importer(815301076,1909f56bfc062723c751e8b465ee728b)
Start importing Assets/Tilemaps/oak_woods_tileset_111.asset using Guid(7649c43a009b25741aa7240610538374) Importer(815301076,1909f56bfc062723c751e8b465ee728b)  -> (artifact id: '709e9ee201835124acc79cf80bf776f8') in 0.012197 seconds
Number of updated asset objects reloaded before import = 0
Number of asset objects unloaded after import = 3
========================================================================
Received Import Request.
  Time since last request: 0.000026 seconds.
  path: Assets/Tilemaps/oak_woods_tileset_134.asset
  artifactKey: Guid(29ee048e9c5adc540972b4c0f7f06118) Importer(815301076,1909f56bfc062723c751e8b465ee728b)
Start importing Assets/Tilemaps/oak_woods_tileset_134.asset using Guid(29ee048e9c5adc540972b4c0f7f06118) Importer(815301076,1909f56bfc062723c751e8b465ee728b)  -> (artifact id: '5ed50061b44fd859ef7245b6f6a573ef') in 0.011786 seconds
Number of updated asset objects reloaded before import = 0
Number of asset objects unloaded after import = 3
========================================================================
Received Import Request.
  Time since last request: 0.000016 seconds.
  path: Assets/Tilemaps/oak_woods_tileset_140.asset
  artifactKey: Guid(70d37e3f8e5eb3e4b8609ab13e832828) Importer(815301076,1909f56bfc062723c751e8b465ee728b)
Start importing Assets/Tilemaps/oak_woods_tileset_140.asset using Guid(70d37e3f8e5eb3e4b8609ab13e832828) Importer(815301076,1909f56bfc062723c751e8b465ee728b)  -> (artifact id: '7d4323a1f007600dff76cba328527c28') in 0.010437 seconds
Number of updated asset objects reloaded before import = 0
Number of asset objects unloaded after import = 3
========================================================================
Received Import Request.
  Time since last request: 0.000017 seconds.
  path: Assets/Tilemaps/oak_woods_tileset_114.asset
  artifactKey: Guid(8892186ca88bb5f4aafa26f3cd14e1e3) Importer(815301076,1909f56bfc062723c751e8b465ee728b)
Start importing Assets/Tilemaps/oak_woods_tileset_114.asset using Guid(8892186ca88bb5f4aafa26f3cd14e1e3) Importer(815301076,1909f56bfc062723c751e8b465ee728b)  -> (artifact id: '7a0e15ee14718c87389ceeb1c23c8742') in 0.011021 seconds
Number of updated asset objects reloaded before import = 0
Number of asset objects unloaded after import = 3
========================================================================
Received Import Request.
  Time since last request: 0.000019 seconds.
  path: Assets/Tilemaps/oak_woods_tileset_130.asset
  artifactKey: Guid(009faef2658e35042abd88e6884141b2) Importer(815301076,1909f56bfc062723c751e8b465ee728b)
Start importing Assets/Tilemaps/oak_woods_tileset_130.asset using Guid(009faef2658e35042abd88e6884141b2) Importer(815301076,1909f56bfc062723c751e8b465ee728b)  -> (artifact id: 'e6a4b9e15d09126cdf4cc70d6e04e82b') in 0.011806 seconds
Number of updated asset objects reloaded before import = 0
Number of asset objects unloaded after import = 3
========================================================================
Received Import Request.
  Time since last request: 0.000016 seconds.
  path: Assets/Tilemaps/oak_woods_tileset_136.asset
  artifactKey: Guid(31e8bb85db944aa4eb4fe39302d9f4ba) Importer(815301076,1909f56bfc062723c751e8b465ee728b)
Start importing Assets/Tilemaps/oak_woods_tileset_136.asset using Guid(31e8bb85db944aa4eb4fe39302d9f4ba) Importer(815301076,1909f56bfc062723c751e8b465ee728b)  -> (artifact id: '563cdcff2d0b5b331435f025605a4bcc') in 0.011938 seconds
Number of updated asset objects reloaded before import = 0
Number of asset objects unloaded after import = 3
Editor requested this worker to shutdown with reason: Scaling down because of idle timeout
TcpMessagingSession - receive error: operation aborted. errorcode: 995, details: The I/O operation has been aborted because of either a thread exit or an application request.
AssetImportWorker is now disconnected from the server
Process exiting
Exiting without the bug reporter. Application will terminate with return code 0