Using pre-set license
Built from '2022.3/staging' branch; Version is '2022.3.6f1 (b9e6e7e9fa2d) revision 12183271'; Using compiler version '192829333'; Build Type 'Release'
OS: 'Windows 11  (10.0.22631) 64bit Core' Language: 'en' Physical Memory: 15611 MB
BatchMode: 1, IsHumanControllingUs: 0, StartBugReporterOnCrash: 0, Is64bit: 1, IsPro: 1

COMMAND LINE ARGUMENTS:
C:\Program Files\Unity\Hub\Editor\2022.3.6f1\Editor\Unity.exe
-adb2
-batchMode
-noUpm
-name
AssetImportWorker0
-projectPath
C:/Users/TheRe/Documents/DissertationPrototype/Prototype
-logFile
Logs/AssetImportWorker0.log
-srvPort
54283
Successfully changed project path to: C:/Users/TheRe/Documents/DissertationPrototype/Prototype
C:/Users/TheRe/Documents/DissertationPrototype/Prototype
[UnityMemory] Configuration Parameters - Can be set up in boot.config
    "memorysetup-bucket-allocator-granularity=16"
    "memorysetup-bucket-allocator-bucket-count=8"
    "memorysetup-bucket-allocator-block-size=33554432"
    "memorysetup-bucket-allocator-block-count=8"
    "memorysetup-main-allocator-block-size=16777216"
    "memorysetup-thread-allocator-block-size=16777216"
    "memorysetup-gfx-main-allocator-block-size=16777216"
    "memorysetup-gfx-thread-allocator-block-size=16777216"
    "memorysetup-cache-allocator-block-size=4194304"
    "memorysetup-typetree-allocator-block-size=2097152"
    "memorysetup-profiler-bucket-allocator-granularity=16"
    "memorysetup-profiler-bucket-allocator-bucket-count=8"
    "memorysetup-profiler-bucket-allocator-block-size=33554432"
    "memorysetup-profiler-bucket-allocator-block-count=8"
    "memorysetup-profiler-allocator-block-size=16777216"
    "memorysetup-profiler-editor-allocator-block-size=1048576"
    "memorysetup-temp-allocator-size-main=16777216"
    "memorysetup-job-temp-allocator-block-size=2097152"
    "memorysetup-job-temp-allocator-block-size-background=1048576"
    "memorysetup-job-temp-allocator-reduction-small-platforms=262144"
    "memorysetup-allocator-temp-initial-block-size-main=262144"
    "memorysetup-allocator-temp-initial-block-size-worker=262144"
    "memorysetup-temp-allocator-size-background-worker=32768"
    "memorysetup-temp-allocator-size-job-worker=262144"
    "memorysetup-temp-allocator-size-preload-manager=33554432"
    "memorysetup-temp-allocator-size-nav-mesh-worker=65536"
    "memorysetup-temp-allocator-size-audio-worker=65536"
    "memorysetup-temp-allocator-size-cloud-worker=32768"
    "memorysetup-temp-allocator-size-gi-baking-worker=262144"
    "memorysetup-temp-allocator-size-gfx=262144"
Player connection [207200] Host "[IP] 10.167.90.135 [Port] 0 [Flags] 2 [Guid] 3598278342 [EditorId] 3598278342 [Version] 1048832 [Id] WindowsEditor(7,James-Laptop) [Debug] 1 [PackageName] WindowsEditor [ProjectName] Editor" joined multi-casting on [225.0.0.222:54997]...

Player connection [207200] Host "[IP] 10.167.90.135 [Port] 0 [Flags] 2 [Guid] 3598278342 [EditorId] 3598278342 [Version] 1048832 [Id] WindowsEditor(7,James-Laptop) [Debug] 1 [PackageName] WindowsEditor [ProjectName] Editor" joined alternative multi-casting on [225.0.0.222:34997]...

Refreshing native plugins compatible for Editor in 1086.35 ms, found 4 plugins.
Preloading 0 native plugins for Editor in 0.00 ms.
Initialize engine version: 2022.3.6f1 (b9e6e7e9fa2d)
[Subsystems] Discovering subsystems at path C:/Program Files/Unity/Hub/Editor/2022.3.6f1/Editor/Data/Resources/UnitySubsystems
[Subsystems] Discovering subsystems at path C:/Users/TheRe/Documents/DissertationPrototype/Prototype/Assets
GfxDevice: creating device client; threaded=0; jobified=0
Direct3D:
    Version:  Direct3D 11.0 [level 11.1]
    Renderer: AMD Radeon RX 7600S (ID=0x7480)
    Vendor:   ATI
    VRAM:     8127 MB
    Driver:   31.0.24022.7002
Initialize mono
Mono path[0] = 'C:/Program Files/Unity/Hub/Editor/2022.3.6f1/Editor/Data/Managed'
Mono path[1] = 'C:/Program Files/Unity/Hub/Editor/2022.3.6f1/Editor/Data/MonoBleedingEdge/lib/mono/unityjit-win32'
Mono config path = 'C:/Program Files/Unity/Hub/Editor/2022.3.6f1/Editor/Data/MonoBleedingEdge/etc'
Using monoOptions --debugger-agent=transport=dt_socket,embedding=1,server=y,suspend=n,address=127.0.0.1:56520
Begin MonoManager ReloadAssembly
Registering precompiled unity dll's ...
Register platform support module: C:/Program Files/Unity/Hub/Editor/2022.3.6f1/Editor/Data/PlaybackEngines/WindowsStandaloneSupport/UnityEditor.WindowsStandalone.Extensions.dll
Registered in 0.324898 seconds.
- Loaded All Assemblies, in  5.383 seconds
Native extension for WindowsStandalone target not found
Mono: successfully reloaded assembly
- Finished resetting the current domain, in  0.261 seconds
Domain Reload Profiling: 5641ms
	BeginReloadAssembly (4767ms)
		ExecutionOrderSort (0ms)
		DisableScriptedObjects (0ms)
		BackupInstance (0ms)
		ReleaseScriptingObjects (0ms)
		CreateAndSetChildDomain (1ms)
	RebuildCommonClasses (43ms)
	RebuildNativeTypeToScriptingClass (13ms)
	initialDomainReloadingComplete (401ms)
	LoadAllAssembliesAndSetupDomain (156ms)
		LoadAssemblies (4765ms)
		RebuildTransferFunctionScriptingTraits (0ms)
		AnalyzeDomain (147ms)
			TypeCache.Refresh (145ms)
				TypeCache.ScanAssembly (130ms)
			ScanForSourceGeneratedMonoScriptInfo (0ms)
			ResolveRequiredComponents (2ms)
	FinalizeReload (261ms)
		ReleaseScriptCaches (0ms)
		RebuildScriptCaches (0ms)
		SetupLoadedEditorAssemblies (195ms)
			LogAssemblyErrors (0ms)
			InitializePlatformSupportModulesInManaged (12ms)
			SetLoadedEditorAssemblies (10ms)
			RefreshPlugins (0ms)
			BeforeProcessingInitializeOnLoad (2ms)
			ProcessInitializeOnLoadAttributes (117ms)
			ProcessInitializeOnLoadMethodAttributes (53ms)
			AfterProcessingInitializeOnLoad (0ms)
			EditorAssembliesLoaded (0ms)
		ExecutionOrderSort2 (0ms)
		AwakeInstancesAfterBackupRestoration (0ms)
========================================================================
Worker process is ready to serve import requests
Begin MonoManager ReloadAssembly
Symbol file LoadedFromMemory doesn't match image C:\Users\TheRe\Documents\DissertationPrototype\Prototype\Library\PackageCache\com.unity.visualscripting@1.8.0\Editor\VisualScripting.Core\Dependencies\YamlDotNet\Unity.VisualScripting.YamlDotNet.dll
Symbol file LoadedFromMemory doesn't match image C:\Users\TheRe\Documents\DissertationPrototype\Prototype\Library\PackageCache\com.unity.visualscripting@1.8.0\Editor\VisualScripting.Core\Dependencies\DotNetZip\Unity.VisualScripting.IonicZip.dll
- Loaded All Assemblies, in  6.776 seconds
Refreshing native plugins compatible for Editor in 8.25 ms, found 4 plugins.
Native extension for WindowsStandalone target not found
Mono: successfully reloaded assembly
- Finished resetting the current domain, in  0.734 seconds
Domain Reload Profiling: 7507ms
	BeginReloadAssembly (129ms)
		ExecutionOrderSort (0ms)
		DisableScriptedObjects (4ms)
		BackupInstance (0ms)
		ReleaseScriptingObjects (0ms)
		CreateAndSetChildDomain (35ms)
	RebuildCommonClasses (30ms)
	RebuildNativeTypeToScriptingClass (8ms)
	initialDomainReloadingComplete (40ms)
	LoadAllAssembliesAndSetupDomain (6565ms)
		LoadAssemblies (6338ms)
		RebuildTransferFunctionScriptingTraits (0ms)
		AnalyzeDomain (278ms)
			TypeCache.Refresh (257ms)
				TypeCache.ScanAssembly (242ms)
			ScanForSourceGeneratedMonoScriptInfo (18ms)
			ResolveRequiredComponents (3ms)
	FinalizeReload (735ms)
		ReleaseScriptCaches (0ms)
		RebuildScriptCaches (0ms)
		SetupLoadedEditorAssemblies (583ms)
			LogAssemblyErrors (0ms)
			InitializePlatformSupportModulesInManaged (6ms)
			SetLoadedEditorAssemblies (4ms)
			RefreshPlugins (0ms)
			BeforeProcessingInitializeOnLoad (76ms)
			ProcessInitializeOnLoadAttributes (448ms)
			ProcessInitializeOnLoadMethodAttributes (40ms)
			AfterProcessingInitializeOnLoad (9ms)
			EditorAssembliesLoaded (0ms)
		ExecutionOrderSort2 (0ms)
		AwakeInstancesAfterBackupRestoration (8ms)
Launched and connected shader compiler UnityShaderCompiler.exe after 0.07 seconds
Refreshing native plugins compatible for Editor in 5.69 ms, found 4 plugins.
Preloading 0 native plugins for Editor in 0.00 ms.
Unloading 4405 Unused Serialized files (Serialized files now loaded: 0)
Unloading 71 unused Assets / (62.0 KB). Loaded Objects now: 4868.
Memory consumption went from 147.8 MB to 147.8 MB.
Total: 4.618600 ms (FindLiveObjects: 0.390300 ms CreateObjectMapping: 0.381200 ms MarkObjects: 3.688300 ms  DeleteObjects: 0.157600 ms)

AssetImportParameters requested are different than current active one (requested -> active):
  custom:container-demuxer-ogg: 62fdf1f143b41e24485cea50d1cbac27 -> 
  custom:video-codec-MediaFoundation-h265: 746d11721c4dcdbdad8f713fa42b33f4 -> 
  custom:video-decoder-ogg-theora: a1e56fd34408186e4bbccfd4996cb3dc -> 
  custom:framework-win-MediaFoundation: 216162199b28c13a410421893ffa2e32 -> 
  custom:container-demuxer-webm: 4f35f7cbe854078d1ac9338744f61a02 -> 
  custom:container-muxer-webm: aa71ff27fc2769a1b78a27578f13a17b -> 
  custom:video-decoder-webm-vp8: 9c59270c3fd7afecdb556c50c9e8de78 -> 
  custom:AudioImporter_EditorPlatform: d09bf68614088b80899f8185d706f6e7 -> 
  custom:video-encoder-webm-vp8: eb34c28f22e8b96e1ab97ce403110664 -> 
  custom:audio-decoder-ogg-vorbis: bf7c407c2cedff20999df2af8eb42d56 -> 
  custom:audio-encoder-webm-vorbis: bf7c407c2cedff20999df2af8eb42d56 -> 
========================================================================
Received Import Request.
  Time since last request: 1726467.574273 seconds.
  path: Assets/Scenes
  artifactKey: Guid(fb280fed071a39748a104cf31638243b) Importer(815301076,1909f56bfc062723c751e8b465ee728b)
Start importing Assets/Scenes using Guid(fb280fed071a39748a104cf31638243b) Importer(815301076,1909f56bfc062723c751e8b465ee728b)  -> (artifact id: '4fcecdf1471d28aae770d094cf80210f') in 0.001937 seconds
Number of updated asset objects reloaded before import = 0
Number of asset objects unloaded after import = 0
========================================================================
Received Import Request.
  Time since last request: 0.415274 seconds.
  path: Assets/Scenes/TestLevel.unity
  artifactKey: Guid(2cda990e2423bbf4892e6590ba056729) Importer(815301076,1909f56bfc062723c751e8b465ee728b)
Start importing Assets/Scenes/TestLevel.unity using Guid(2cda990e2423bbf4892e6590ba056729) Importer(815301076,1909f56bfc062723c751e8b465ee728b)  -> (artifact id: '6bab252a00114ba3fb36c97509c6dffe') in 0.000674 seconds
Number of updated asset objects reloaded before import = 0
Number of asset objects unloaded after import = 0
========================================================================
Received Import Request.
  Time since last request: 5.446261 seconds.
  path: Assets/Textures
  artifactKey: Guid(8e700e2d4313e334e95a736a85085cbc) Importer(815301076,1909f56bfc062723c751e8b465ee728b)
Start importing Assets/Textures using Guid(8e700e2d4313e334e95a736a85085cbc) Importer(815301076,1909f56bfc062723c751e8b465ee728b)  -> (artifact id: '8b5830dbad55facd72bafd2eaa61062f') in 0.000442 seconds
Number of updated asset objects reloaded before import = 0
Number of asset objects unloaded after import = 0
========================================================================
Received Import Request.
  Time since last request: 2.680250 seconds.
  path: Assets/Textures/Backgrounds and tilemaps
  artifactKey: Guid(5942fcf9b4ac51c4ab2bd9a9562fea2d) Importer(815301076,1909f56bfc062723c751e8b465ee728b)
Start importing Assets/Textures/Backgrounds and tilemaps using Guid(5942fcf9b4ac51c4ab2bd9a9562fea2d) Importer(815301076,1909f56bfc062723c751e8b465ee728b)  -> (artifact id: 'e0d6efcfc9b13c6e8cf22d8880f2121e') in 0.000566 seconds
Number of updated asset objects reloaded before import = 0
Number of asset objects unloaded after import = 0
========================================================================
Received Import Request.
  Time since last request: 0.076697 seconds.
  path: Assets/Textures/Backgrounds and tilemaps/oak_woods_tileset.png
  artifactKey: Guid(2e4e9cff100ecc84cbeb9218b8170787) Importer(815301076,1909f56bfc062723c751e8b465ee728b)
Start importing Assets/Textures/Backgrounds and tilemaps/oak_woods_tileset.png using Guid(2e4e9cff100ecc84cbeb9218b8170787) Importer(815301076,1909f56bfc062723c751e8b465ee728b)  -> (artifact id: '22b4ae30f4aea7a2c62c8c7a089559ef') in 0.386109 seconds
Number of updated asset objects reloaded before import = 0
Number of asset objects unloaded after import = 157
========================================================================
Received Import Request.
  Time since last request: 2.062895 seconds.
  path: Assets/Textures/Backgrounds and tilemaps/decorations
  artifactKey: Guid(e0133c39fb83be54ea82116c705910e1) Importer(815301076,1909f56bfc062723c751e8b465ee728b)
Start importing Assets/Textures/Backgrounds and tilemaps/decorations using Guid(e0133c39fb83be54ea82116c705910e1) Importer(815301076,1909f56bfc062723c751e8b465ee728b)  -> (artifact id: 'dc18e987098140d0e61e0a3f61277644') in 0.000498 seconds
Number of updated asset objects reloaded before import = 0
Number of asset objects unloaded after import = 0
========================================================================
Received Import Request.
  Time since last request: 1.076186 seconds.
  path: Assets/Textures/Backgrounds and tilemaps/background
  artifactKey: Guid(aab32fb32786bc84ea890dbc7cb00b44) Importer(815301076,1909f56bfc062723c751e8b465ee728b)
Start importing Assets/Textures/Backgrounds and tilemaps/background using Guid(aab32fb32786bc84ea890dbc7cb00b44) Importer(815301076,1909f56bfc062723c751e8b465ee728b)  -> (artifact id: '0093778eff3769208ff33198398cb25f') in 0.000586 seconds
Number of updated asset objects reloaded before import = 0
Number of asset objects unloaded after import = 0
========================================================================
Received Import Request.
  Time since last request: 1.059634 seconds.
  path: Assets/Textures/Player
  artifactKey: Guid(1fb110aae4617ff4a9372ce2a3c0decb) Importer(815301076,1909f56bfc062723c751e8b465ee728b)
Start importing Assets/Textures/Player using Guid(1fb110aae4617ff4a9372ce2a3c0decb) Importer(815301076,1909f56bfc062723c751e8b465ee728b)  -> (artifact id: 'd526f66828c568646ca42a533fbd4bd8') in 0.000587 seconds
Number of updated asset objects reloaded before import = 0
Number of asset objects unloaded after import = 0
========================================================================
Received Import Request.
  Time since last request: 0.062970 seconds.
  path: Assets/Textures/Player/adventurer-v1.5-Sheet.png
  artifactKey: Guid(836a6ab1998b7084fb966b32c1e6cfcd) Importer(815301076,1909f56bfc062723c751e8b465ee728b)
Start importing Assets/Textures/Player/adventurer-v1.5-Sheet.png using Guid(836a6ab1998b7084fb966b32c1e6cfcd) Importer(815301076,1909f56bfc062723c751e8b465ee728b)  -> (artifact id: '2fba77612852997d5e1ee579d2b8cc7c') in 0.223749 seconds
Number of updated asset objects reloaded before import = 0
Number of asset objects unloaded after import = 111
========================================================================
Received Import Request.
  Time since last request: 1.130813 seconds.
  path: Assets/Textures/Player/Individual Sprites
  artifactKey: Guid(dedcd187e59953a4db3ca0e5e24e3aa1) Importer(815301076,1909f56bfc062723c751e8b465ee728b)
Start importing Assets/Textures/Player/Individual Sprites using Guid(dedcd187e59953a4db3ca0e5e24e3aa1) Importer(815301076,1909f56bfc062723c751e8b465ee728b)  -> (artifact id: 'b555a0f18f1c6049ba469fdc14abb2f6') in 0.000544 seconds
Number of updated asset objects reloaded before import = 0
Number of asset objects unloaded after import = 0
========================================================================
Received Import Request.
  Time since last request: 0.083577 seconds.
  path: Assets/Textures/Player/Individual Sprites/adventurer-air-attack-3-end-00.png
  artifactKey: Guid(5e06da6acaed760469c533723358ef34) Importer(815301076,1909f56bfc062723c751e8b465ee728b)
Start importing Assets/Textures/Player/Individual Sprites/adventurer-air-attack-3-end-00.png using Guid(5e06da6acaed760469c533723358ef34) Importer(815301076,1909f56bfc062723c751e8b465ee728b)  -> (artifact id: '67d8e7e97b0f6e54dcecdf784d5e7409') in 0.022557 seconds
Number of updated asset objects reloaded before import = 0
Number of asset objects unloaded after import = 3
========================================================================
Received Import Request.
  Time since last request: 0.002966 seconds.
  path: Assets/Textures/Player/Individual Sprites/adventurer-air-attack1-01.png
  artifactKey: Guid(d5e8054a50ce30e4d90a2734e980ff15) Importer(815301076,1909f56bfc062723c751e8b465ee728b)
Start importing Assets/Textures/Player/Individual Sprites/adventurer-air-attack1-01.png using Guid(d5e8054a50ce30e4d90a2734e980ff15) Importer(815301076,1909f56bfc062723c751e8b465ee728b)  -> (artifact id: '4f2fb99c81732c285eac3732986672ad') in 0.027679 seconds
Number of updated asset objects reloaded before import = 0
Number of asset objects unloaded after import = 3
========================================================================
Received Import Request.
  Time since last request: 0.006037 seconds.
  path: Assets/Textures/Player/Individual Sprites/adventurer-air-attack1-02.png
  artifactKey: Guid(c2fc37176996cf448a42d54027a5beca) Importer(815301076,1909f56bfc062723c751e8b465ee728b)
Start importing Assets/Textures/Player/Individual Sprites/adventurer-air-attack1-02.png using Guid(c2fc37176996cf448a42d54027a5beca) Importer(815301076,1909f56bfc062723c751e8b465ee728b)  -> (artifact id: '3589d741253b9053ef5a64102e51d1b1') in 0.026663 seconds
Number of updated asset objects reloaded before import = 0
Number of asset objects unloaded after import = 3
========================================================================
Received Import Request.
  Time since last request: 0.000023 seconds.
  path: Assets/Textures/Player/Individual Sprites/adventurer-air-attack-3-end-02.png
  artifactKey: Guid(6462bd3e25dd4a543be6ba059f49739b) Importer(815301076,1909f56bfc062723c751e8b465ee728b)
Start importing Assets/Textures/Player/Individual Sprites/adventurer-air-attack-3-end-02.png using Guid(6462bd3e25dd4a543be6ba059f49739b) Importer(815301076,1909f56bfc062723c751e8b465ee728b)  -> (artifact id: 'bfa577d6387e442d3516e501caf00ba7') in 0.030446 seconds
Number of updated asset objects reloaded before import = 0
Number of asset objects unloaded after import = 3
========================================================================
Received Import Request.
  Time since last request: 0.000019 seconds.
  path: Assets/Textures/Player/Individual Sprites/adventurer-attack3-04.png
  artifactKey: Guid(cd19c9b180e6b2647bc1f6d00b55f509) Importer(815301076,1909f56bfc062723c751e8b465ee728b)
Start importing Assets/Textures/Player/Individual Sprites/adventurer-attack3-04.png using Guid(cd19c9b180e6b2647bc1f6d00b55f509) Importer(815301076,1909f56bfc062723c751e8b465ee728b)  -> (artifact id: '6ec96439bbffbb6dd44232f909494504') in 0.039667 seconds
Number of updated asset objects reloaded before import = 0
Number of asset objects unloaded after import = 3
========================================================================
Received Import Request.
  Time since last request: 0.000026 seconds.
  path: Assets/Textures/Player/Individual Sprites/adventurer-crnr-grb-01.png
  artifactKey: Guid(2714c036696ab564a909f592ca3b16f6) Importer(815301076,1909f56bfc062723c751e8b465ee728b)
Start importing Assets/Textures/Player/Individual Sprites/adventurer-crnr-grb-01.png using Guid(2714c036696ab564a909f592ca3b16f6) Importer(815301076,1909f56bfc062723c751e8b465ee728b)  -> (artifact id: 'c75643de3ed3567f3d49d52a72e4f860') in 0.039537 seconds
Number of updated asset objects reloaded before import = 0
Number of asset objects unloaded after import = 3
========================================================================
Received Import Request.
  Time since last request: 0.000020 seconds.
  path: Assets/Textures/Player/Individual Sprites/adventurer-attack3-00.png
  artifactKey: Guid(4932240143e5eb148be7ae2bdbe77808) Importer(815301076,1909f56bfc062723c751e8b465ee728b)
Start importing Assets/Textures/Player/Individual Sprites/adventurer-attack3-00.png using Guid(4932240143e5eb148be7ae2bdbe77808) Importer(815301076,1909f56bfc062723c751e8b465ee728b)  -> (artifact id: '128b08447c29ec0e6fa002a754edc806') in 0.027494 seconds
Number of updated asset objects reloaded before import = 0
Number of asset objects unloaded after import = 3
========================================================================
Received Import Request.
  Time since last request: 0.000022 seconds.
  path: Assets/Textures/Player/Individual Sprites/adventurer-cast-03.png
  artifactKey: Guid(40964df3443de1146aab40103f27af3e) Importer(815301076,1909f56bfc062723c751e8b465ee728b)
Start importing Assets/Textures/Player/Individual Sprites/adventurer-cast-03.png using Guid(40964df3443de1146aab40103f27af3e) Importer(815301076,1909f56bfc062723c751e8b465ee728b)  -> (artifact id: 'ac41f23cec7a3f8516ad4adc77713dba') in 0.028488 seconds
Number of updated asset objects reloaded before import = 0
Number of asset objects unloaded after import = 3
========================================================================
Received Import Request.
  Time since last request: 0.000026 seconds.
  path: Assets/Textures/Player/Individual Sprites/adventurer-air-attack2-02.png
  artifactKey: Guid(0c654b546f056bd4cab1000fb5b0e740) Importer(815301076,1909f56bfc062723c751e8b465ee728b)
Start importing Assets/Textures/Player/Individual Sprites/adventurer-air-attack2-02.png using Guid(0c654b546f056bd4cab1000fb5b0e740) Importer(815301076,1909f56bfc062723c751e8b465ee728b)  -> (artifact id: 'b7271945f3e252c2ab7a014fc692d802') in 0.038971 seconds
Number of updated asset objects reloaded before import = 0
Number of asset objects unloaded after import = 3
========================================================================
Received Import Request.
  Time since last request: 0.000022 seconds.
  path: Assets/Textures/Player/Individual Sprites/adventurer-cast-01.png
  artifactKey: Guid(efc0c143ac1b3de40a5e060bd4d52e24) Importer(815301076,1909f56bfc062723c751e8b465ee728b)
Start importing Assets/Textures/Player/Individual Sprites/adventurer-cast-01.png using Guid(efc0c143ac1b3de40a5e060bd4d52e24) Importer(815301076,1909f56bfc062723c751e8b465ee728b)  -> (artifact id: 'f49a4a1417da06e6cc2ec884f0449a52') in 0.033946 seconds
Number of updated asset objects reloaded before import = 0
Number of asset objects unloaded after import = 3
========================================================================
Received Import Request.
  Time since last request: 0.000088 seconds.
  path: Assets/Textures/Player/Individual Sprites/adventurer-cast-00.png
  artifactKey: Guid(76c76bf2714152f4f9e60e50919188eb) Importer(815301076,1909f56bfc062723c751e8b465ee728b)
Start importing Assets/Textures/Player/Individual Sprites/adventurer-cast-00.png using Guid(76c76bf2714152f4f9e60e50919188eb) Importer(815301076,1909f56bfc062723c751e8b465ee728b)  -> (artifact id: 'df3ab7d07c6907291a37012023856ad1') in 0.030364 seconds
Number of updated asset objects reloaded before import = 0
Number of asset objects unloaded after import = 3
========================================================================
Received Import Request.
  Time since last request: 0.000017 seconds.
  path: Assets/Textures/Player/Individual Sprites/adventurer-air-attack3-rdy-00.png
  artifactKey: Guid(fdc2f9d2f5c75ea4eaf73bf5fd948583) Importer(815301076,1909f56bfc062723c751e8b465ee728b)
Start importing Assets/Textures/Player/Individual Sprites/adventurer-air-attack3-rdy-00.png using Guid(fdc2f9d2f5c75ea4eaf73bf5fd948583) Importer(815301076,1909f56bfc062723c751e8b465ee728b)  -> (artifact id: 'a975e40c371cd9948c01cabc28aaa02b') in 0.031809 seconds
Number of updated asset objects reloaded before import = 0
Number of asset objects unloaded after import = 3
========================================================================
Received Import Request.
  Time since last request: 0.000022 seconds.
  path: Assets/Textures/Player/Individual Sprites/adventurer-cast-loop-01.png
  artifactKey: Guid(db0aedd432074eb458e7dd73ef97b6fc) Importer(815301076,1909f56bfc062723c751e8b465ee728b)
Start importing Assets/Textures/Player/Individual Sprites/adventurer-cast-loop-01.png using Guid(db0aedd432074eb458e7dd73ef97b6fc) Importer(815301076,1909f56bfc062723c751e8b465ee728b)  -> (artifact id: 'a53e44a5ce7c1baac981a3c1af402c80') in 0.028790 seconds
Number of updated asset objects reloaded before import = 0
Number of asset objects unloaded after import = 3
========================================================================
Received Import Request.
  Time since last request: 0.000026 seconds.
  path: Assets/Textures/Player/Individual Sprites/adventurer-air-attack3-loop-00.png
  artifactKey: Guid(a1a941b8358d45d4bb7a24eb261e3e0a) Importer(815301076,1909f56bfc062723c751e8b465ee728b)
Start importing Assets/Textures/Player/Individual Sprites/adventurer-air-attack3-loop-00.png using Guid(a1a941b8358d45d4bb7a24eb261e3e0a) Importer(815301076,1909f56bfc062723c751e8b465ee728b)  -> (artifact id: '7e38cd420edc9565d0c4f4cdd3984894') in 0.032812 seconds
Number of updated asset objects reloaded before import = 0
Number of asset objects unloaded after import = 3
========================================================================
Received Import Request.
  Time since last request: 0.000020 seconds.
  path: Assets/Textures/Player/Individual Sprites/adventurer-attack3-05.png
  artifactKey: Guid(cfd7bd32f591b1b498785e271cd95313) Importer(815301076,1909f56bfc062723c751e8b465ee728b)
Start importing Assets/Textures/Player/Individual Sprites/adventurer-attack3-05.png using Guid(cfd7bd32f591b1b498785e271cd95313) Importer(815301076,1909f56bfc062723c751e8b465ee728b)  -> (artifact id: 'e49f7aa1b4e612ff5cb32861d389cf15') in 0.034495 seconds
Number of updated asset objects reloaded before import = 0
Number of asset objects unloaded after import = 3
========================================================================
Received Import Request.
  Time since last request: 0.000022 seconds.
  path: Assets/Textures/Player/Individual Sprites/adventurer-crnr-clmb-03.png
  artifactKey: Guid(19ff0c270ba8ddd46912901fb9951b34) Importer(815301076,1909f56bfc062723c751e8b465ee728b)
Start importing Assets/Textures/Player/Individual Sprites/adventurer-crnr-clmb-03.png using Guid(19ff0c270ba8ddd46912901fb9951b34) Importer(815301076,1909f56bfc062723c751e8b465ee728b)  -> (artifact id: '99f76724c24ebb592f66d3d65e9293ca') in 0.029851 seconds
Number of updated asset objects reloaded before import = 0
Number of asset objects unloaded after import = 3
========================================================================
Received Import Request.
  Time since last request: 0.000020 seconds.
  path: Assets/Textures/Player/Individual Sprites/adventurer-crnr-clmb-01.png
  artifactKey: Guid(dc85cf5d17b6f82408c0ef841951b053) Importer(815301076,1909f56bfc062723c751e8b465ee728b)
Start importing Assets/Textures/Player/Individual Sprites/adventurer-crnr-clmb-01.png using Guid(dc85cf5d17b6f82408c0ef841951b053) Importer(815301076,1909f56bfc062723c751e8b465ee728b)  -> (artifact id: '488559d88783864b21b627a95a8de9ef') in 0.034756 seconds
Number of updated asset objects reloaded before import = 0
Number of asset objects unloaded after import = 3
========================================================================
Received Import Request.
  Time since last request: 0.000078 seconds.
  path: Assets/Textures/Player/Individual Sprites/adventurer-attack2-01.png
  artifactKey: Guid(144d68e717250c841a9c966f3e21a4fd) Importer(815301076,1909f56bfc062723c751e8b465ee728b)
Start importing Assets/Textures/Player/Individual Sprites/adventurer-attack2-01.png using Guid(144d68e717250c841a9c966f3e21a4fd) Importer(815301076,1909f56bfc062723c751e8b465ee728b)  -> (artifact id: 'fc0acf51731c4dc153e1ea0a2bcd0596') in 0.038551 seconds
Number of updated asset objects reloaded before import = 0
Number of asset objects unloaded after import = 3
========================================================================
Received Import Request.
  Time since last request: 0.000087 seconds.
  path: Assets/Textures/Player/Individual Sprites/adventurer-attack1-04.png
  artifactKey: Guid(d8e3f0cb855b49b49bb1e8c3a314d9c9) Importer(815301076,1909f56bfc062723c751e8b465ee728b)
Start importing Assets/Textures/Player/Individual Sprites/adventurer-attack1-04.png using Guid(d8e3f0cb855b49b49bb1e8c3a314d9c9) Importer(815301076,1909f56bfc062723c751e8b465ee728b)  -> (artifact id: '6cee24978d46ded2fcf9b5a7993ae8de') in 0.039914 seconds
Number of updated asset objects reloaded before import = 0
Number of asset objects unloaded after import = 3
========================================================================
Received Import Request.
  Time since last request: 0.000022 seconds.
  path: Assets/Textures/Player/Individual Sprites/adventurer-crnr-clmb-02.png
  artifactKey: Guid(cc8647dd40db7c04abd4a99479eb1216) Importer(815301076,1909f56bfc062723c751e8b465ee728b)
Start importing Assets/Textures/Player/Individual Sprites/adventurer-crnr-clmb-02.png using Guid(cc8647dd40db7c04abd4a99479eb1216) Importer(815301076,1909f56bfc062723c751e8b465ee728b)  -> (artifact id: 'bc4a54cd2631d9ceae86d6ca2e894e78') in 0.036933 seconds
Number of updated asset objects reloaded before import = 0
Number of asset objects unloaded after import = 3
========================================================================
Received Import Request.
  Time since last request: 0.000030 seconds.
  path: Assets/Textures/Player/Individual Sprites/adventurer-attack2-04.png
  artifactKey: Guid(1c99c2c9115074646b05dad7f8832d7c) Importer(815301076,1909f56bfc062723c751e8b465ee728b)
Start importing Assets/Textures/Player/Individual Sprites/adventurer-attack2-04.png using Guid(1c99c2c9115074646b05dad7f8832d7c) Importer(815301076,1909f56bfc062723c751e8b465ee728b)  -> (artifact id: '734990bbaaff9956ee112de7cd0ef5f3') in 0.063432 seconds
Number of updated asset objects reloaded before import = 0
Number of asset objects unloaded after import = 3
========================================================================
Received Import Request.
  Time since last request: 0.000024 seconds.
  path: Assets/Textures/Player/Individual Sprites/adventurer-cast-loop-02.png
  artifactKey: Guid(35999c1f71bf87b4eb457e1d5c5bb605) Importer(815301076,1909f56bfc062723c751e8b465ee728b)
Start importing Assets/Textures/Player/Individual Sprites/adventurer-cast-loop-02.png using Guid(35999c1f71bf87b4eb457e1d5c5bb605) Importer(815301076,1909f56bfc062723c751e8b465ee728b)  -> (artifact id: 'c98a7ee71aaaccdf4dbd96fd91adabac') in 0.023241 seconds
Number of updated asset objects reloaded before import = 0
Number of asset objects unloaded after import = 3
========================================================================
Received Import Request.
  Time since last request: 0.000021 seconds.
  path: Assets/Textures/Player/Individual Sprites/adventurer-cast-loop-03.png
  artifactKey: Guid(67c1c8361116e2b41a17623df89483c0) Importer(815301076,1909f56bfc062723c751e8b465ee728b)
Start importing Assets/Textures/Player/Individual Sprites/adventurer-cast-loop-03.png using Guid(67c1c8361116e2b41a17623df89483c0) Importer(815301076,1909f56bfc062723c751e8b465ee728b)  -> (artifact id: '68d02ae80e9308bbee09ea08c138e041') in 0.024646 seconds
Number of updated asset objects reloaded before import = 0
Number of asset objects unloaded after import = 3
========================================================================
Received Import Request.
  Time since last request: 0.000020 seconds.
  path: Assets/Textures/Player/Individual Sprites/adventurer-attack2-02.png
  artifactKey: Guid(01cf239dd1adedd46a1db5f2f8883243) Importer(815301076,1909f56bfc062723c751e8b465ee728b)
Start importing Assets/Textures/Player/Individual Sprites/adventurer-attack2-02.png using Guid(01cf239dd1adedd46a1db5f2f8883243) Importer(815301076,1909f56bfc062723c751e8b465ee728b)  -> (artifact id: 'ecb07bcdb8ce22220c4d4c7fbe7e9983') in 0.032332 seconds
Number of updated asset objects reloaded before import = 0
Number of asset objects unloaded after import = 3
Editor requested this worker to shutdown with reason: Scaling down because of idle timeout
TcpMessagingSession - receive error: operation aborted. errorcode: 995, details: The I/O operation has been aborted because of either a thread exit or an application request.
AssetImportWorker is now disconnected from the server
Process exiting
Exiting without the bug reporter. Application will terminate with return code 0